gpasm-1.4.0 #1106 (Oct  6 2014) obj\Debug\sEO   2-3-2017  17:22:26          PAGE  1


LOC    OBJECT CODE    LINE  SOURCE TEXT
  VALUE

                      00001 ;--------------------------------------------------------
                      00002 ; File Created by SDCC : free open source ANSI-C Compiler
                      00003 ; Version 3.5.0 #9253 (Jun 20 2015) (MINGW32)
                      00004 ; This file was generated Fri Feb 03 17:22:26 2017
                      00005 ;--------------------------------------------------------
                      00006 ; PIC port for the 14-bit core
                      00007 ;--------------------------------------------------------
                      00008         .file   "sEOS.c"
                      00009         list    p=16f877a
                      00010         radix dec
                      00011         include "p16f877a.inc"
                      00001         LIST
                      00002 
                      00003 ;==========================================================================
                      00004 ; Build date : Aug 07 2014
                      00005 ;  MPASM PIC16F877A processor include
                      00006 ; 
                      00007 ;  (c) Copyright 1999-2014 Microchip Technology, All rights reserved
                      00008 ;==========================================================================
                      00009 
                      00567         LIST
                      00012 ;--------------------------------------------------------
                      00013 ; external declarations
                      00014 ;--------------------------------------------------------
  0000                00015         extern  _BTN_Init
  0000                00016         extern  _BTN_Update
  0000                00017         extern  _BTN_GetState
  0000                00018         extern  _BTN_GetPressTime
  0000                00019         extern  _BTN_ComputeState
  0000                00020         extern  _Controller_Init
  0000                00021         extern  _Controller_Update
  0000                00022         extern  _HIF_Init
  0000                00023         extern  _HIF_Update
  0000                00024         extern  _HIF_Command
  0000                00025         extern  _TIF_Init
  0000                00026         extern  _TIF_Update
  0000                00027         extern  _TIF_Command
  0000                00028         extern  _STATUSbits
  0000                00029         extern  _PORTAbits
  0000                00030         extern  _PORTBbits
  0000                00031         extern  _PORTCbits
  0000                00032         extern  _PORTDbits
  0000                00033         extern  _PORTEbits
  0000                00034         extern  _INTCONbits
  0000                00035         extern  _PIR1bits
  0000                00036         extern  _PIR2bits
  0000                00037         extern  _T1CONbits
  0000                00038         extern  _T2CONbits
  0000                00039         extern  _SSPCONbits
  0000                00040         extern  _CCP1CONbits
  0000                00041         extern  _RCSTAbits
  0000                00042         extern  _CCP2CONbits
  0000                00043         extern  _ADCON0bits
gpasm-1.4.0 #1106 (Oct  6 2014) obj\Debug\sEO   2-3-2017  17:22:26          PAGE  2


LOC    OBJECT CODE    LINE  SOURCE TEXT
  VALUE

  0000                00044         extern  _OPTION_REGbits
  0000                00045         extern  _TRISAbits
  0000                00046         extern  _TRISBbits
  0000                00047         extern  _TRISCbits
  0000                00048         extern  _TRISDbits
  0000                00049         extern  _TRISEbits
  0000                00050         extern  _PIE1bits
  0000                00051         extern  _PIE2bits
  0000                00052         extern  _PCONbits
  0000                00053         extern  _SSPCON2bits
  0000                00054         extern  _SSPSTATbits
  0000                00055         extern  _TXSTAbits
  0000                00056         extern  _CMCONbits
  0000                00057         extern  _CVRCONbits
  0000                00058         extern  _ADCON1bits
  0000                00059         extern  _EECON1bits
  0000                00060         extern  _INDF
  0000                00061         extern  _TMR0
  0000                00062         extern  _PCL
  0000                00063         extern  _STATUS
  0000                00064         extern  _FSR
  0000                00065         extern  _PORTA
  0000                00066         extern  _PORTB
  0000                00067         extern  _PORTC
  0000                00068         extern  _PORTD
  0000                00069         extern  _PORTE
  0000                00070         extern  _PCLATH
  0000                00071         extern  _INTCON
  0000                00072         extern  _PIR1
  0000                00073         extern  _PIR2
  0000                00074         extern  _TMR1
  0000                00075         extern  _TMR1L
  0000                00076         extern  _TMR1H
  0000                00077         extern  _T1CON
  0000                00078         extern  _TMR2
  0000                00079         extern  _T2CON
  0000                00080         extern  _SSPBUF
  0000                00081         extern  _SSPCON
  0000                00082         extern  _CCPR1
  0000                00083         extern  _CCPR1L
  0000                00084         extern  _CCPR1H
  0000                00085         extern  _CCP1CON
  0000                00086         extern  _RCSTA
  0000                00087         extern  _TXREG
  0000                00088         extern  _RCREG
  0000                00089         extern  _CCPR2
  0000                00090         extern  _CCPR2L
  0000                00091         extern  _CCPR2H
  0000                00092         extern  _CCP2CON
  0000                00093         extern  _ADRESH
  0000                00094         extern  _ADCON0
  0000                00095         extern  _OPTION_REG
  0000                00096         extern  _TRISA
gpasm-1.4.0 #1106 (Oct  6 2014) obj\Debug\sEO   2-3-2017  17:22:26          PAGE  3


LOC    OBJECT CODE    LINE  SOURCE TEXT
  VALUE

  0000                00097         extern  _TRISB
  0000                00098         extern  _TRISC
  0000                00099         extern  _TRISD
  0000                00100         extern  _TRISE
  0000                00101         extern  _PIE1
  0000                00102         extern  _PIE2
  0000                00103         extern  _PCON
  0000                00104         extern  _SSPCON2
  0000                00105         extern  _PR2
  0000                00106         extern  _SSPADD
  0000                00107         extern  _SSPSTAT
  0000                00108         extern  _TXSTA
  0000                00109         extern  _SPBRG
  0000                00110         extern  _CMCON
  0000                00111         extern  _CVRCON
  0000                00112         extern  _ADRESL
  0000                00113         extern  _ADCON1
  0000                00114         extern  _EEDATA
  0000                00115         extern  _EEADR
  0000                00116         extern  _EEDATH
  0000                00117         extern  _EEADRH
  0000                00118         extern  _EECON1
  0000                00119         extern  _EECON2
  0000                00120         extern  __mulchar
  0000                00121         extern  ___sdcc_saved_fsr
                      00122 
  0000                00123         extern PSAVE
  0000                00124         extern SSAVE
  0000                00125         extern WSAVE
  0000                00126         extern STK12
  0000                00127         extern STK11
  0000                00128         extern STK10
  0000                00129         extern STK09
  0000                00130         extern STK08
  0000                00131         extern STK07
  0000                00132         extern STK06
  0000                00133         extern STK05
  0000                00134         extern STK04
  0000                00135         extern STK03
  0000                00136         extern STK02
  0000                00137         extern STK01
  0000                00138         extern STK00
                      00139 ;--------------------------------------------------------
                      00140 ; global declarations
                      00141 ;--------------------------------------------------------
  0000                00142         global  _sEOS_Timer0_ISR
  0000                00143         global  _sEOS_Go_To_Sleep
  0000                00144         global  _sEOS_Init_Timer0
                      00145 
                      00146 ;--------------------------------------------------------
                      00147 ; global definitions
                      00148 ;--------------------------------------------------------
                      00149 ;--------------------------------------------------------
gpasm-1.4.0 #1106 (Oct  6 2014) obj\Debug\sEO   2-3-2017  17:22:26          PAGE  4


LOC    OBJECT CODE    LINE  SOURCE TEXT
  VALUE

                      00150 ; absolute symbol definitions
                      00151 ;--------------------------------------------------------
                      00152 ;--------------------------------------------------------
                      00153 ; compiler-defined variables
                      00154 ;--------------------------------------------------------
                      00155 UDL_sEOS_0      udata
0000                  00156 r0x1004 res     1
0001                  00157 r0x1002 res     1
                      00158 ;--------------------------------------------------------
                      00159 ; initialized data
                      00160 ;--------------------------------------------------------
                      00161 
                      00162 ID_sEOS_0       idata
0000                  00163 _TMR0_reload
0000   00             00164         db      0x00
                      00165 
                      00166 ;--------------------------------------------------------
                      00167 ; overlayable items in internal ram 
                      00168 ;--------------------------------------------------------
                      00169 ;       udata_ovr
                      00170 ;--------------------------------------------------------
                      00171 ; interrupt and initialization code
                      00172 ;--------------------------------------------------------
                      00173 c_interrupt     code    0x4
0004                  00174 __sdcc_interrupt
                      00175 ;***
                      00176 ;  pBlock Stats: dbName = I
                      00177 ;***
                      00178 ;entry:  _sEOS_Timer0_ISR       ;Function start
                      00179 ; 0 exit points
                      00180 ;functions called:
                      00181 ;   _Controller_Update
                      00182 ;   _HIF_Update
                      00183 ;   _TIF_Update
                      00184 ;   _BTN_Update
                      00185 ;   _Controller_Update
                      00186 ;   _HIF_Update
                      00187 ;   _TIF_Update
                      00188 ;   _BTN_Update
                      00189 ;; Starting pCode block
                      00190 ;;; /home/sdcc-builder/build/sdcc-build/orig/sdcc/src/pic14/gen.c:2316:resultRemat *{*
                      00191 ;;; /home/sdcc-builder/build/sdcc-build/orig/sdcc/src/pic14/gen.c:2760:genLabel *{*
                      00192 ;; ***  genLabel  2763
                      00193 ;;; /home/sdcc-builder/build/sdcc-build/orig/sdcc/src/pic14/gen.c:2316:resultRemat *{*
                      00194 ;;; /home/sdcc-builder/build/sdcc-build/orig/sdcc/src/pic14/gen.c:2340:genFunction *{*
                      00195 ;; ***  genFunction  2342 curr label offset=8previous max_key=3 
0004                  00196 _sEOS_Timer0_ISR        ;Function start
                      00197 ; 0 exit points
                      00198 ;; >>> /home/sdcc-builder/build/sdcc-build/orig/sdcc/src/pic14/gen.c:2407:genFunction
                      00199         .line   45; "sEOS.c"    void sEOS_Timer0_ISR(void) __interrupt 0{
0004   00??           00200         MOVWF   WSAVE
                      00201 ;; >>> /home/sdcc-builder/build/sdcc-build/orig/sdcc/src/pic14/gen.c:2408:genFunction
0005   0E03           00202         SWAPF   STATUS,W
gpasm-1.4.0 #1106 (Oct  6 2014) obj\Debug\sEO   2-3-2017  17:22:26          PAGE  5


LOC    OBJECT CODE    LINE  SOURCE TEXT
  VALUE

                      00203 ;; >>> /home/sdcc-builder/build/sdcc-build/orig/sdcc/src/pic14/gen.c:2413:genFunction
0006   0183           00204         CLRF    STATUS
                      00205 ;; >>> /home/sdcc-builder/build/sdcc-build/orig/sdcc/src/pic14/gen.c:2414:genFunction
0007   00??           00206         MOVWF   SSAVE
                      00207 ;; >>> /home/sdcc-builder/build/sdcc-build/orig/sdcc/src/pic14/gen.c:2416:genFunction
0008   080A           00208         MOVF    PCLATH,W
                      00209 ;; >>> /home/sdcc-builder/build/sdcc-build/orig/sdcc/src/pic14/gen.c:2418:genFunction
0009   018A           00210         CLRF    PCLATH
                      00211 ;; >>> /home/sdcc-builder/build/sdcc-build/orig/sdcc/src/pic14/gen.c:2419:genFunction
000A   00??           00212         MOVWF   PSAVE
                      00213 ;; >>> /home/sdcc-builder/build/sdcc-build/orig/sdcc/src/pic14/gen.c:2421:genFunction
000B   0804           00214         MOVF    FSR,W
                      00215 ;; >>> /home/sdcc-builder/build/sdcc-build/orig/sdcc/src/pic14/gen.c:2422:genFunction
000C   ???? ????      00216         BANKSEL ___sdcc_saved_fsr
000E   00??           00217         MOVWF   ___sdcc_saved_fsr
                      00218 ;;; /home/sdcc-builder/build/sdcc-build/orig/sdcc/src/pic14/gen.c:2316:resultRemat *{*
                      00219 ;;; /home/sdcc-builder/build/sdcc-build/orig/sdcc/src/pic14/gen.c:2086:genCall *{*
                      00220 ;; ***  genCall  2088
                      00221 ;;; /home/sdcc-builder/build/sdcc-build/orig/sdcc/src/pic14/gen.c:1801:saveRegisters *{*
                      00222 ;; ***  saveRegisters  1803
                      00223 ;; >>> /home/sdcc-builder/build/sdcc-build/orig/sdcc/src/pic14/gen.c:2173:genCall
                      00224         .line   49; "sEOS.c"    Controller_Update();
000F   ???? ????      00225         PAGESEL _Controller_Update
                      00226 ;; >>> /home/sdcc-builder/build/sdcc-build/orig/sdcc/src/pic14/gen.c:2175:genCall
0011   2???           00227         CALL    _Controller_Update
                      00228 ;; >>> /home/sdcc-builder/build/sdcc-build/orig/sdcc/src/pic14/gen.c:2181:genCall
0012   ???? ????      00229         PAGESEL $
                      00230 ;;; /home/sdcc-builder/build/sdcc-build/orig/sdcc/src/pic14/gen.c:1845:unsaveRegisters *{*
                      00231 ;; ***  unsaveRegisters  1847
                      00232 ;;; /home/sdcc-builder/build/sdcc-build/orig/sdcc/src/pic14/gen.c:2316:resultRemat *{*
                      00233 ;;; /home/sdcc-builder/build/sdcc-build/orig/sdcc/src/pic14/gen.c:2086:genCall *{*
                      00234 ;; ***  genCall  2088
                      00235 ;;; /home/sdcc-builder/build/sdcc-build/orig/sdcc/src/pic14/gen.c:1801:saveRegisters *{*
                      00236 ;; ***  saveRegisters  1803
                      00237 ;; >>> /home/sdcc-builder/build/sdcc-build/orig/sdcc/src/pic14/gen.c:2173:genCall
                      00238         .line   50; "sEOS.c"    HIF_Update();
0014   ???? ????      00239         PAGESEL _HIF_Update
                      00240 ;; >>> /home/sdcc-builder/build/sdcc-build/orig/sdcc/src/pic14/gen.c:2175:genCall
0016   2???           00241         CALL    _HIF_Update
                      00242 ;; >>> /home/sdcc-builder/build/sdcc-build/orig/sdcc/src/pic14/gen.c:2181:genCall
0017   ???? ????      00243         PAGESEL $
                      00244 ;;; /home/sdcc-builder/build/sdcc-build/orig/sdcc/src/pic14/gen.c:1845:unsaveRegisters *{*
                      00245 ;; ***  unsaveRegisters  1847
                      00246 ;;; /home/sdcc-builder/build/sdcc-build/orig/sdcc/src/pic14/gen.c:2316:resultRemat *{*
                      00247 ;;; /home/sdcc-builder/build/sdcc-build/orig/sdcc/src/pic14/gen.c:2086:genCall *{*
                      00248 ;; ***  genCall  2088
                      00249 ;;; /home/sdcc-builder/build/sdcc-build/orig/sdcc/src/pic14/gen.c:1801:saveRegisters *{*
                      00250 ;; ***  saveRegisters  1803
                      00251 ;; >>> /home/sdcc-builder/build/sdcc-build/orig/sdcc/src/pic14/gen.c:2173:genCall
                      00252         .line   51; "sEOS.c"    TIF_Update();
0019   ???? ????      00253         PAGESEL _TIF_Update
                      00254 ;; >>> /home/sdcc-builder/build/sdcc-build/orig/sdcc/src/pic14/gen.c:2175:genCall
001B   2???           00255         CALL    _TIF_Update
gpasm-1.4.0 #1106 (Oct  6 2014) obj\Debug\sEO   2-3-2017  17:22:26          PAGE  6


LOC    OBJECT CODE    LINE  SOURCE TEXT
  VALUE

                      00256 ;; >>> /home/sdcc-builder/build/sdcc-build/orig/sdcc/src/pic14/gen.c:2181:genCall
001C   ???? ????      00257         PAGESEL $
                      00258 ;;; /home/sdcc-builder/build/sdcc-build/orig/sdcc/src/pic14/gen.c:1845:unsaveRegisters *{*
                      00259 ;; ***  unsaveRegisters  1847
                      00260 ;;; /home/sdcc-builder/build/sdcc-build/orig/sdcc/src/pic14/gen.c:2316:resultRemat *{*
                      00261 ;;; /home/sdcc-builder/build/sdcc-build/orig/sdcc/src/pic14/gen.c:2086:genCall *{*
                      00262 ;; ***  genCall  2088
                      00263 ;;; /home/sdcc-builder/build/sdcc-build/orig/sdcc/src/pic14/gen.c:1801:saveRegisters *{*
                      00264 ;; ***  saveRegisters  1803
                      00265 ;; >>> /home/sdcc-builder/build/sdcc-build/orig/sdcc/src/pic14/gen.c:2173:genCall
                      00266         .line   52; "sEOS.c"    BTN_Update();
001E   ???? ????      00267         PAGESEL _BTN_Update
                      00268 ;; >>> /home/sdcc-builder/build/sdcc-build/orig/sdcc/src/pic14/gen.c:2175:genCall
0020   2???           00269         CALL    _BTN_Update
                      00270 ;; >>> /home/sdcc-builder/build/sdcc-build/orig/sdcc/src/pic14/gen.c:2181:genCall
0021   ???? ????      00271         PAGESEL $
                      00272 ;;; /home/sdcc-builder/build/sdcc-build/orig/sdcc/src/pic14/gen.c:1845:unsaveRegisters *{*
                      00273 ;; ***  unsaveRegisters  1847
                      00274 ;;; /home/sdcc-builder/build/sdcc-build/orig/sdcc/src/pic14/gen.c:2316:resultRemat *{*
                      00275 ;;; /home/sdcc-builder/build/sdcc-build/orig/sdcc/src/pic14/gen.c:6927:genAssign *{*
                      00276 ;; ***  genAssign  6928
                      00277 ;; ***  aopForSym 315
                      00278 ;;      327 sym->rname = _TMR0_reload, size = 1
                      00279 ;; ***  aopForSym 315
                      00280 ;;      327 sym->rname = _TMR0, size = 1
                      00281 ;;      line = 6937 result AOP_DIR=_TMR0, size=1, left -=-, size=0, right AOP_DIR=_TMR0_reload, size=1
                      00282 ;; ***  genAssign  7023
                      00283 ;;; /home/sdcc-builder/build/sdcc-build/orig/sdcc/src/pic14/gen.c:1343:mov2w_op *{*
                      00284 ;; ***  mov2w  1381  offset=0
                      00285 ;; >>> /home/sdcc-builder/build/sdcc-build/orig/sdcc/src/pic14/gen.c:1386:mov2w
                      00286 ;;      1009
                      00287 ;;      1028  _TMR0_reload   offset=0
                      00288         .line   54; "sEOS.c"    TMR0 = TMR0_reload;
0023   ???? ????      00289         BANKSEL _TMR0_reload
0025   08??           00290         MOVF    _TMR0_reload,W
                      00291 ;; >>> /home/sdcc-builder/build/sdcc-build/orig/sdcc/src/pic14/gen.c:7050:genAssign
                      00292 ;;      1009
                      00293 ;;      1028  _TMR0   offset=0
0026   ???? ????      00294         BANKSEL _TMR0
0028   00??           00295         MOVWF   _TMR0
                      00296 ;;; /home/sdcc-builder/build/sdcc-build/orig/sdcc/src/pic14/gen.c:2316:resultRemat *{*
                      00297 ;;; /home/sdcc-builder/build/sdcc-build/orig/sdcc/src/pic14/gen.c:2316:resultRemat *{*
                      00298 ;;; /home/sdcc-builder/build/sdcc-build/orig/sdcc/src/pic14/gen.c:6686:genPointerSet *{*
                      00299 ;; ***  genPointerSet  6687
                      00300 ;;; /home/sdcc-builder/build/sdcc-build/orig/sdcc/src/pic14/gen.c:6505:genNearPointerSet *{*
                      00301 ;; ***  genNearPointerSet  6506
                      00302 ;;      613
                      00303 ;;      aopForRemat 392
                      00304 ;;      418: rname _INTCONbits, val 0, const = 0
                      00305 ;; ***  genNearPointerSet  6521
                      00306 ;;      833: aopGet AOP_PCODE type PO_IMMEDIATE
                      00307 ;;      _INTCONbits
                      00308 ;;      line = 6523 result AOP_PCODE=_INTCONbits, size=2, left -=-, size=0, right AOP_LIT=0x00, size=1
gpasm-1.4.0 #1106 (Oct  6 2014) obj\Debug\sEO   2-3-2017  17:22:26          PAGE  7


LOC    OBJECT CODE    LINE  SOURCE TEXT
  VALUE

                      00309 ;;; /home/sdcc-builder/build/sdcc-build/orig/sdcc/src/pic14/gen.c:6249:genPackBits *{*
                      00310 ;; ***  genPackBits  6250
                      00311 ;;      833: aopGet AOP_PCODE type PO_IMMEDIATE
                      00312 ;;      _INTCONbits
                      00313 ;; >>> /home/sdcc-builder/build/sdcc-build/orig/sdcc/src/pic14/gen.c:6275:genPackBits
                      00314         .line   55; "sEOS.c"    T0IF = 0;
0029   11??           00315         BCF     _INTCONbits,2
                      00316 ;;; /home/sdcc-builder/build/sdcc-build/orig/sdcc/src/pic14/gen.c:2316:resultRemat *{*
                      00317 ;;; /home/sdcc-builder/build/sdcc-build/orig/sdcc/src/pic14/gen.c:2760:genLabel *{*
                      00318 ;; ***  genLabel  2763
                      00319 ;;; /home/sdcc-builder/build/sdcc-build/orig/sdcc/src/pic14/gen.c:2316:resultRemat *{*
                      00320 ;;; /home/sdcc-builder/build/sdcc-build/orig/sdcc/src/pic14/gen.c:2528:genEndFunction *{*
                      00321 ;; ***  genEndFunction  2530
                      00322 ;;; /home/sdcc-builder/build/sdcc-build/orig/sdcc/src/pic14/gen.c:2023:unsaverbank *{*
                      00323 ;; ***  unsaverbank  2025 - WARNING no code generated
                      00324 ;; >>> /home/sdcc-builder/build/sdcc-build/orig/sdcc/src/pic14/gen.c:2622:genEndFunction
002A   ???? ????      00325         BANKSEL ___sdcc_saved_fsr
002C   08??           00326         MOVF    ___sdcc_saved_fsr,W
                      00327 ;; >>> /home/sdcc-builder/build/sdcc-build/orig/sdcc/src/pic14/gen.c:2623:genEndFunction
002D   1283 1303      00328         BANKSEL FSR
002F   0084           00329         MOVWF   FSR
                      00330 ;; >>> /home/sdcc-builder/build/sdcc-build/orig/sdcc/src/pic14/gen.c:2625:genEndFunction
0030   08??           00331         MOVF    PSAVE,W
                      00332 ;; >>> /home/sdcc-builder/build/sdcc-build/orig/sdcc/src/pic14/gen.c:2626:genEndFunction
0031   008A           00333         MOVWF   PCLATH
                      00334 ;; >>> /home/sdcc-builder/build/sdcc-build/orig/sdcc/src/pic14/gen.c:2627:genEndFunction
0032   0183           00335         CLRF    STATUS
                      00336 ;; >>> /home/sdcc-builder/build/sdcc-build/orig/sdcc/src/pic14/gen.c:2629:genEndFunction
0033   0E??           00337         SWAPF   SSAVE,W
                      00338 ;; >>> /home/sdcc-builder/build/sdcc-build/orig/sdcc/src/pic14/gen.c:2630:genEndFunction
0034   0083           00339         MOVWF   STATUS
                      00340 ;; >>> /home/sdcc-builder/build/sdcc-build/orig/sdcc/src/pic14/gen.c:2631:genEndFunction
0035   0E??           00341         SWAPF   WSAVE,F
                      00342 ;; >>> /home/sdcc-builder/build/sdcc-build/orig/sdcc/src/pic14/gen.c:2632:genEndFunction
0036   0E??           00343         SWAPF   WSAVE,W
0037                  00344 END_OF_INTERRUPT
0037   0009           00345         RETFIE  
                      00346 
                      00347 ;--------------------------------------------------------
                      00348 ; code
                      00349 ;--------------------------------------------------------
                      00350 code_sEOS       code
                      00351 ;***
                      00352 ;  pBlock Stats: dbName = C
                      00353 ;***
                      00354 ;entry:  _sEOS_Go_To_Sleep      ;Function start
                      00355 ; 2 exit points
                      00356 ;has an exit
                      00357 ;2 compiler assigned registers:
                      00358 ;   r0x1002
                      00359 ;   r0x1003
                      00360 ;; Starting pCode block
                      00361 ;;; /home/sdcc-builder/build/sdcc-build/orig/sdcc/src/pic14/gen.c:2316:resultRemat *{*
gpasm-1.4.0 #1106 (Oct  6 2014) obj\Debug\sEO   2-3-2017  17:22:26          PAGE  8


LOC    OBJECT CODE    LINE  SOURCE TEXT
  VALUE

                      00362 ;;; /home/sdcc-builder/build/sdcc-build/orig/sdcc/src/pic14/gen.c:2760:genLabel *{*
                      00363 ;; ***  genLabel  2763
                      00364 ;;; /home/sdcc-builder/build/sdcc-build/orig/sdcc/src/pic14/gen.c:2316:resultRemat *{*
                      00365 ;;; /home/sdcc-builder/build/sdcc-build/orig/sdcc/src/pic14/gen.c:2340:genFunction *{*
                      00366 ;; ***  genFunction  2342 curr label offset=4previous max_key=0 
0000                  00367 _sEOS_Go_To_Sleep       ;Function start
                      00368 ; 2 exit points
                      00369 ;;; /home/sdcc-builder/build/sdcc-build/orig/sdcc/src/pic14/gen.c:2316:resultRemat *{*
                      00370 ;;; /home/sdcc-builder/build/sdcc-build/orig/sdcc/src/pic14/gen.c:2316:resultRemat *{*
                      00371 ;;; /home/sdcc-builder/build/sdcc-build/orig/sdcc/src/pic14/gen.c:6162:genPointerGet *{*
                      00372 ;; ***  genPointerGet  6163
                      00373 ;;; /home/sdcc-builder/build/sdcc-build/orig/sdcc/src/pic14/gen.c:5944:genNearPointerGet *{*
                      00374 ;; ***  genNearPointerGet  5945
                      00375 ;;      613
                      00376 ;;      aopForRemat 392
                      00377 ;;      418: rname _OPTION_REGbits, val 0, const = 0
                      00378 ;; ***  genNearPointerGet  5961
                      00379 ;;      694 register type nRegs=1
                      00380 ;;; /home/sdcc-builder/build/sdcc-build/orig/sdcc/src/pic14/gen.c:5760:genUnpackBits *{*
                      00381 ;; ***  genUnpackBits  5761
                      00382 ;; >>> /home/sdcc-builder/build/sdcc-build/orig/sdcc/src/pic14/gen.c:5799:genUnpackBits
                      00383 ;;      1109 rIdx = r0x104B 
                      00384         .line   36; "sEOS.c"    if (T0CS == 1){ // External clock source
0000   ???? ????      00385         BANKSEL r0x1002
0002   01??           00386         CLRF    r0x1002
                      00387 ;; >>> /home/sdcc-builder/build/sdcc-build/orig/sdcc/src/pic14/gen.c:5805:genUnpackBits
                      00388 ;;      833: aopGet AOP_PCODE type PO_IMMEDIATE
                      00389 ;;      _OPTION_REGbits
0003   ???? ????      00390         BANKSEL _OPTION_REGbits
0005   1E??           00391         BTFSS   _OPTION_REGbits,5
0006   2???           00392         GOTO    _00001_DS_
                      00393 ;; >>> /home/sdcc-builder/build/sdcc-build/orig/sdcc/src/pic14/gen.c:5835:genUnpackBits
                      00394 ;;      1109 rIdx = r0x104B 
0007   ???? ????      00395         BANKSEL r0x1002
0009   0A??           00396         INCF    r0x1002,F
                      00397 ;; ***  addSign  861
                      00398 ;;; /home/sdcc-builder/build/sdcc-build/orig/sdcc/src/pic14/genarith.c:862:addSign *{*
                      00399 ;;; /home/sdcc-builder/build/sdcc-build/orig/sdcc/src/pic14/gen.c:2316:resultRemat *{*
                      00400 ;;; /home/sdcc-builder/build/sdcc-build/orig/sdcc/src/pic14/gen.c:7120:genCast *{*
                      00401 ;; ***  genCast  7121
                      00402 ;;      694 register type nRegs=1
                      00403 ;;      694 register type nRegs=1
                      00404 ;;      line = 7129 result AOP_REG=r0x104C, size=1, left -=-, size=0, right AOP_REG=r0x104B, size=1
                      00405 ;; ***  genCast  7253
                      00406 ;; >>> /home/sdcc-builder/build/sdcc-build/orig/sdcc/src/pic14/gen.c:7277:genCast
                      00407 ;;      1109 rIdx = r0x104B 
000A                  00408 _00001_DS_
000A   ???? ????      00409         BANKSEL r0x1002
000C   08??           00410         MOVF    r0x1002,W
                      00411 ;;1     MOVWF   r0x1003
000D   3A01           00412         XORLW   0x01
                      00413 ;; >>> /home/sdcc-builder/build/sdcc-build/orig/sdcc/src/pic14/gen.c:3687:genCmpEq
000E   1D03           00414         BTFSS   STATUS,2
gpasm-1.4.0 #1106 (Oct  6 2014) obj\Debug\sEO   2-3-2017  17:22:26          PAGE  9


LOC    OBJECT CODE    LINE  SOURCE TEXT
  VALUE

                      00415 ;; >>> /home/sdcc-builder/build/sdcc-build/orig/sdcc/src/pic14/gen.c:3690:genCmpEq
                      00416 ;; ***  popGetLabel  key=3, label offset 8
000F   2???           00417         GOTO    _00111_DS_
                      00418 ;;; /home/sdcc-builder/build/sdcc-build/orig/sdcc/src/pic14/gen.c:2316:resultRemat *{*
                      00419 ;;; /home/sdcc-builder/build/sdcc-build/orig/sdcc/src/pic14/gen.c:2316:resultRemat *{*
                      00420 ;;; /home/sdcc-builder/build/sdcc-build/orig/sdcc/src/pic14/gen.c:4738:pic14_genInline *{*
                      00421 ;; ***  pic14_genInline  4739
0010   0063           00422         SLEEP
                      00423         
                      00424 ;;; /home/sdcc-builder/build/sdcc-build/orig/sdcc/src/pic14/gen.c:2316:resultRemat *{*
                      00425 ;;; /home/sdcc-builder/build/sdcc-build/orig/sdcc/src/pic14/gen.c:2760:genLabel *{*
                      00426 ;; ***  genLabel  2763
                      00427 ;;; /home/sdcc-builder/build/sdcc-build/orig/sdcc/src/pic14/gen.c:2316:resultRemat *{*
                      00428 ;;; /home/sdcc-builder/build/sdcc-build/orig/sdcc/src/pic14/gen.c:2528:genEndFunction *{*
                      00429 ;; ***  genEndFunction  2530
0011                  00430 _00111_DS_
0011   0008           00431         RETURN  
                      00432 ; exit point of _sEOS_Go_To_Sleep
                      00433 ;;; /home/sdcc-builder/build/sdcc-build/orig/sdcc/src/pic14/gen.c:7426:genpic14Code *{*
                      00434 
                      00435 ;***
                      00436 ;  pBlock Stats: dbName = C
                      00437 ;***
                      00438 ;entry:  _sEOS_Init_Timer0      ;Function start
                      00439 ; 2 exit points
                      00440 ;has an exit
                      00441 ;functions called:
                      00442 ;   __mulchar
                      00443 ;   __mulchar
                      00444 ;3 compiler assigned registers:
                      00445 ;   r0x1004
                      00446 ;   STK00
                      00447 ;   r0x1005
                      00448 ;; Starting pCode block
                      00449 ;;; /home/sdcc-builder/build/sdcc-build/orig/sdcc/src/pic14/gen.c:2316:resultRemat *{*
                      00450 ;;; /home/sdcc-builder/build/sdcc-build/orig/sdcc/src/pic14/gen.c:2760:genLabel *{*
                      00451 ;; ***  genLabel  2763
                      00452 ;;; /home/sdcc-builder/build/sdcc-build/orig/sdcc/src/pic14/gen.c:2316:resultRemat *{*
                      00453 ;;; /home/sdcc-builder/build/sdcc-build/orig/sdcc/src/pic14/gen.c:2340:genFunction *{*
                      00454 ;; ***  genFunction  2342 curr label offset=0previous max_key=0 
0012                  00455 _sEOS_Init_Timer0       ;Function start
                      00456 ; 2 exit points
                      00457 ;;; /home/sdcc-builder/build/sdcc-build/orig/sdcc/src/pic14/gen.c:2316:resultRemat *{*
                      00458 ;;; /home/sdcc-builder/build/sdcc-build/orig/sdcc/src/pic14/gen.c:7358:genReceive *{*
                      00459 ;; ***  genReceive  7359
                      00460 ;;      694 register type nRegs=1
                      00461 ;;; /home/sdcc-builder/build/sdcc-build/orig/sdcc/src/pic14/gen.c:1907:assignResultValue *{*
                      00462 ;; ***  assignResultValue  1909
                      00463 ;;      line = 1911 result -=-, size=0, left AOP_REG=r0x1049, size=1, right -=-, size=0
                      00464 ;; >>> /home/sdcc-builder/build/sdcc-build/orig/sdcc/src/pic14/gen.c:1393:movwf
                      00465 ;;      1109 rIdx = r0x1049 
                      00466         .line   10; "sEOS.c"    void sEOS_Init_Timer0(const tByte TICK){
0012   ???? ????      00467         BANKSEL r0x1004
gpasm-1.4.0 #1106 (Oct  6 2014) obj\Debug\sEO   2-3-2017  17:22:26          PAGE 10


LOC    OBJECT CODE    LINE  SOURCE TEXT
  VALUE

0014   00??           00468         MOVWF   r0x1004
                      00469 ;;; /home/sdcc-builder/build/sdcc-build/orig/sdcc/src/pic14/gen.c:2316:resultRemat *{*
                      00470 ;;; /home/sdcc-builder/build/sdcc-build/orig/sdcc/src/pic14/gen.c:2316:resultRemat *{*
                      00471 ;;; /home/sdcc-builder/build/sdcc-build/orig/sdcc/src/pic14/gen.c:6686:genPointerSet *{*
                      00472 ;; ***  genPointerSet  6687
                      00473 ;;; /home/sdcc-builder/build/sdcc-build/orig/sdcc/src/pic14/gen.c:6505:genNearPointerSet *{*
                      00474 ;; ***  genNearPointerSet  6506
                      00475 ;;      613
                      00476 ;;      aopForRemat 392
                      00477 ;;      418: rname _OPTION_REGbits, val 0, const = 0
                      00478 ;; ***  genNearPointerSet  6521
                      00479 ;;      833: aopGet AOP_PCODE type PO_IMMEDIATE
                      00480 ;;      _OPTION_REGbits
                      00481 ;;      line = 6523 result AOP_PCODE=_OPTION_REGbits, size=2, left -=-, size=0, right AOP_LIT=0x00, size
                            =1
                      00482 ;;; /home/sdcc-builder/build/sdcc-build/orig/sdcc/src/pic14/gen.c:6249:genPackBits *{*
                      00483 ;; ***  genPackBits  6250
                      00484 ;;      833: aopGet AOP_PCODE type PO_IMMEDIATE
                      00485 ;;      _OPTION_REGbits
                      00486 ;; >>> /home/sdcc-builder/build/sdcc-build/orig/sdcc/src/pic14/gen.c:6275:genPackBits
                      00487         .line   13; "sEOS.c"    PSA  = 0;
0015   ???? ????      00488         BANKSEL _OPTION_REGbits
0017   11??           00489         BCF     _OPTION_REGbits,3
                      00490 ;;; /home/sdcc-builder/build/sdcc-build/orig/sdcc/src/pic14/gen.c:2316:resultRemat *{*
                      00491 ;;; /home/sdcc-builder/build/sdcc-build/orig/sdcc/src/pic14/gen.c:2316:resultRemat *{*
                      00492 ;;; /home/sdcc-builder/build/sdcc-build/orig/sdcc/src/pic14/gen.c:6686:genPointerSet *{*
                      00493 ;; ***  genPointerSet  6687
                      00494 ;;; /home/sdcc-builder/build/sdcc-build/orig/sdcc/src/pic14/gen.c:6505:genNearPointerSet *{*
                      00495 ;; ***  genNearPointerSet  6506
                      00496 ;;      613
                      00497 ;;      aopForRemat 392
                      00498 ;;      418: rname _OPTION_REGbits, val 0, const = 0
                      00499 ;; ***  genNearPointerSet  6521
                      00500 ;;      833: aopGet AOP_PCODE type PO_IMMEDIATE
                      00501 ;;      _OPTION_REGbits
                      00502 ;;      line = 6523 result AOP_PCODE=_OPTION_REGbits, size=2, left -=-, size=0, right AOP_LIT=0x01, size
                            =1
                      00503 ;;; /home/sdcc-builder/build/sdcc-build/orig/sdcc/src/pic14/gen.c:6249:genPackBits *{*
                      00504 ;; ***  genPackBits  6250
                      00505 ;;      833: aopGet AOP_PCODE type PO_IMMEDIATE
                      00506 ;;      _OPTION_REGbits
                      00507 ;; >>> /home/sdcc-builder/build/sdcc-build/orig/sdcc/src/pic14/gen.c:6275:genPackBits
                      00508         .line   16; "sEOS.c"    PS0 = 1;
0018   14??           00509         BSF     _OPTION_REGbits,0
                      00510 ;;; /home/sdcc-builder/build/sdcc-build/orig/sdcc/src/pic14/gen.c:2316:resultRemat *{*
                      00511 ;;; /home/sdcc-builder/build/sdcc-build/orig/sdcc/src/pic14/gen.c:2316:resultRemat *{*
                      00512 ;;; /home/sdcc-builder/build/sdcc-build/orig/sdcc/src/pic14/gen.c:6686:genPointerSet *{*
                      00513 ;; ***  genPointerSet  6687
                      00514 ;;; /home/sdcc-builder/build/sdcc-build/orig/sdcc/src/pic14/gen.c:6505:genNearPointerSet *{*
                      00515 ;; ***  genNearPointerSet  6506
                      00516 ;;      613
                      00517 ;;      aopForRemat 392
                      00518 ;;      418: rname _OPTION_REGbits, val 0, const = 0
gpasm-1.4.0 #1106 (Oct  6 2014) obj\Debug\sEO   2-3-2017  17:22:26          PAGE 11


LOC    OBJECT CODE    LINE  SOURCE TEXT
  VALUE

                      00519 ;; ***  genNearPointerSet  6521
                      00520 ;;      833: aopGet AOP_PCODE type PO_IMMEDIATE
                      00521 ;;      _OPTION_REGbits
                      00522 ;;      line = 6523 result AOP_PCODE=_OPTION_REGbits, size=2, left -=-, size=0, right AOP_LIT=0x01, size
                            =1
                      00523 ;;; /home/sdcc-builder/build/sdcc-build/orig/sdcc/src/pic14/gen.c:6249:genPackBits *{*
                      00524 ;; ***  genPackBits  6250
                      00525 ;;      833: aopGet AOP_PCODE type PO_IMMEDIATE
                      00526 ;;      _OPTION_REGbits
                      00527 ;; >>> /home/sdcc-builder/build/sdcc-build/orig/sdcc/src/pic14/gen.c:6275:genPackBits
                      00528         .line   17; "sEOS.c"    PS1 = 1;
0019   14??           00529         BSF     _OPTION_REGbits,1
                      00530 ;;; /home/sdcc-builder/build/sdcc-build/orig/sdcc/src/pic14/gen.c:2316:resultRemat *{*
                      00531 ;;; /home/sdcc-builder/build/sdcc-build/orig/sdcc/src/pic14/gen.c:2316:resultRemat *{*
                      00532 ;;; /home/sdcc-builder/build/sdcc-build/orig/sdcc/src/pic14/gen.c:6686:genPointerSet *{*
                      00533 ;; ***  genPointerSet  6687
                      00534 ;;; /home/sdcc-builder/build/sdcc-build/orig/sdcc/src/pic14/gen.c:6505:genNearPointerSet *{*
                      00535 ;; ***  genNearPointerSet  6506
                      00536 ;;      613
                      00537 ;;      aopForRemat 392
                      00538 ;;      418: rname _OPTION_REGbits, val 0, const = 0
                      00539 ;; ***  genNearPointerSet  6521
                      00540 ;;      833: aopGet AOP_PCODE type PO_IMMEDIATE
                      00541 ;;      _OPTION_REGbits
                      00542 ;;      line = 6523 result AOP_PCODE=_OPTION_REGbits, size=2, left -=-, size=0, right AOP_LIT=0x01, size
                            =1
                      00543 ;;; /home/sdcc-builder/build/sdcc-build/orig/sdcc/src/pic14/gen.c:6249:genPackBits *{*
                      00544 ;; ***  genPackBits  6250
                      00545 ;;      833: aopGet AOP_PCODE type PO_IMMEDIATE
                      00546 ;;      _OPTION_REGbits
                      00547 ;; >>> /home/sdcc-builder/build/sdcc-build/orig/sdcc/src/pic14/gen.c:6275:genPackBits
                      00548         .line   18; "sEOS.c"    PS2 = 1;
001A   15??           00549         BSF     _OPTION_REGbits,2
                      00550 ;;; /home/sdcc-builder/build/sdcc-build/orig/sdcc/src/pic14/gen.c:2316:resultRemat *{*
                      00551 ;;; /home/sdcc-builder/build/sdcc-build/orig/sdcc/src/pic14/gen.c:2878:genMult *{*
                      00552 ;; ***  genMult  2880
                      00553 ;;      694 register type nRegs=1
                      00554 ;;      694 register type nRegs=1
                      00555 ;;      line = 2886 result AOP_REG=r0x104A, size=1, left AOP_REG=r0x1049, size=1, right AOP_LIT=0x08, si
                            ze=1
                      00556 ;;; /home/sdcc-builder/build/sdcc-build/orig/sdcc/src/pic14/gen.c:2816:genMultOneByte *{*
                      00557 ;; ***  genMultOneByte  2818
                      00558 ;;      line = 2819 result AOP_REG=r0x104A, size=1, left AOP_REG=r0x1049, size=1, right AOP_LIT=0x08, si
                            ze=1
                      00559 ;;      line = 2820, signs: result AOP_REG=u, left AOP_REG=u, right AOP_LIT=u
                      00560 ;; ***  mov2w  1381  offset=0
                      00561 ;; >>> /home/sdcc-builder/build/sdcc-build/orig/sdcc/src/pic14/gen.c:1384:mov2w
                      00562         .line   21; "sEOS.c"    TMR0_reload = 256 - (TICK * 8);
001B   3008           00563         MOVLW   0x08
                      00564 ;; >>> /home/sdcc-builder/build/sdcc-build/orig/sdcc/src/pic14/gen.c:2840:genMultOneByte
                      00565 ;; ***  popRegFromIdx,1042  , rIdx=0x7f
001C   00??           00566         MOVWF   STK00
                      00567 ;; ***  mov2w  1381  offset=0
gpasm-1.4.0 #1106 (Oct  6 2014) obj\Debug\sEO   2-3-2017  17:22:26          PAGE 12


LOC    OBJECT CODE    LINE  SOURCE TEXT
  VALUE

                      00568 ;; >>> /home/sdcc-builder/build/sdcc-build/orig/sdcc/src/pic14/gen.c:1386:mov2w
                      00569 ;;      1109 rIdx = r0x1049 
001D   ???? ????      00570         BANKSEL r0x1004
001F   08??           00571         MOVF    r0x1004,W
                      00572 ;; >>> /home/sdcc-builder/build/sdcc-build/orig/sdcc/src/pic14/gen.c:1433:call_libraryfunc
0020   ???? ????      00573         PAGESEL __mulchar
                      00574 ;; >>> /home/sdcc-builder/build/sdcc-build/orig/sdcc/src/pic14/gen.c:1435:call_libraryfunc
0022   2???           00575         CALL    __mulchar
                      00576 ;; >>> /home/sdcc-builder/build/sdcc-build/orig/sdcc/src/pic14/gen.c:1437:call_libraryfunc
0023   ???? ????      00577         PAGESEL $
                      00578 ;; >>> /home/sdcc-builder/build/sdcc-build/orig/sdcc/src/pic14/gen.c:1393:movwf
                      00579 ;;      1109 rIdx = r0x104A 
                      00580 ;;1     MOVWF   r0x1005
0025   ???? ????      00581         BANKSEL r0x1004
0027   00??           00582         MOVWF   r0x1004
                      00583 ;;; /home/sdcc-builder/build/sdcc-build/orig/sdcc/src/pic14/gen.c:2316:resultRemat *{*
                      00584 ;;; /home/sdcc-builder/build/sdcc-build/orig/sdcc/src/pic14/gen.c:1679:genUminus *{*
                      00585 ;; ***  genUminus  1681
                      00586 ;;      694 register type nRegs=1
                      00587 ;; ***  aopForSym 315
                      00588 ;;      327 sym->rname = _TMR0_reload, size = 1
                      00589 ;; >>> /home/sdcc-builder/build/sdcc-build/orig/sdcc/src/pic14/gen.c:1716:genUminus
                      00590 ;;      1109 rIdx = r0x1049 
0028   09??           00591         COMF    r0x1004,W
                      00592 ;; >>> /home/sdcc-builder/build/sdcc-build/orig/sdcc/src/pic14/gen.c:1717:genUminus
                      00593 ;;      1009
                      00594 ;;      1028  _TMR0_reload   offset=0
0029   ???? ????      00595         BANKSEL _TMR0_reload
002B   00??           00596         MOVWF   _TMR0_reload
                      00597 ;; >>> /home/sdcc-builder/build/sdcc-build/orig/sdcc/src/pic14/gen.c:1721:genUminus
                      00598 ;;      1009
                      00599 ;;      1028  _TMR0_reload   offset=0
002C   0A??           00600         INCF    _TMR0_reload,F
                      00601 ;;; /home/sdcc-builder/build/sdcc-build/orig/sdcc/src/pic14/gen.c:2316:resultRemat *{*
                      00602 ;;; /home/sdcc-builder/build/sdcc-build/orig/sdcc/src/pic14/gen.c:6927:genAssign *{*
                      00603 ;; ***  genAssign  6928
                      00604 ;; ***  aopForSym 315
                      00605 ;;      327 sym->rname = _TMR0_reload, size = 1
                      00606 ;; ***  aopForSym 315
                      00607 ;;      327 sym->rname = _TMR0, size = 1
                      00608 ;;      line = 6937 result AOP_DIR=_TMR0, size=1, left -=-, size=0, right AOP_DIR=_TMR0_reload, size=1
                      00609 ;; ***  genAssign  7023
                      00610 ;;; /home/sdcc-builder/build/sdcc-build/orig/sdcc/src/pic14/gen.c:1343:mov2w_op *{*
                      00611 ;; ***  mov2w  1381  offset=0
                      00612 ;; >>> /home/sdcc-builder/build/sdcc-build/orig/sdcc/src/pic14/gen.c:1386:mov2w
                      00613 ;;      1009
                      00614 ;;      1028  _TMR0_reload   offset=0
                      00615         .line   23; "sEOS.c"    TMR0 = TMR0_reload;
002D   08??           00616         MOVF    _TMR0_reload,W
                      00617 ;; >>> /home/sdcc-builder/build/sdcc-build/orig/sdcc/src/pic14/gen.c:7050:genAssign
                      00618 ;;      1009
                      00619 ;;      1028  _TMR0   offset=0
002E   ???? ????      00620         BANKSEL _TMR0
gpasm-1.4.0 #1106 (Oct  6 2014) obj\Debug\sEO   2-3-2017  17:22:26          PAGE 13


LOC    OBJECT CODE    LINE  SOURCE TEXT
  VALUE

0030   00??           00621         MOVWF   _TMR0
                      00622 ;;; /home/sdcc-builder/build/sdcc-build/orig/sdcc/src/pic14/gen.c:2316:resultRemat *{*
                      00623 ;;; /home/sdcc-builder/build/sdcc-build/orig/sdcc/src/pic14/gen.c:2316:resultRemat *{*
                      00624 ;;; /home/sdcc-builder/build/sdcc-build/orig/sdcc/src/pic14/gen.c:6686:genPointerSet *{*
                      00625 ;; ***  genPointerSet  6687
                      00626 ;;; /home/sdcc-builder/build/sdcc-build/orig/sdcc/src/pic14/gen.c:6505:genNearPointerSet *{*
                      00627 ;; ***  genNearPointerSet  6506
                      00628 ;;      613
                      00629 ;;      aopForRemat 392
                      00630 ;;      418: rname _INTCONbits, val 0, const = 0
                      00631 ;; ***  genNearPointerSet  6521
                      00632 ;;      833: aopGet AOP_PCODE type PO_IMMEDIATE
                      00633 ;;      _INTCONbits
                      00634 ;;      line = 6523 result AOP_PCODE=_INTCONbits, size=2, left -=-, size=0, right AOP_LIT=0x00, size=1
                      00635 ;;; /home/sdcc-builder/build/sdcc-build/orig/sdcc/src/pic14/gen.c:6249:genPackBits *{*
                      00636 ;; ***  genPackBits  6250
                      00637 ;;      833: aopGet AOP_PCODE type PO_IMMEDIATE
                      00638 ;;      _INTCONbits
                      00639 ;; >>> /home/sdcc-builder/build/sdcc-build/orig/sdcc/src/pic14/gen.c:6275:genPackBits
                      00640         .line   26; "sEOS.c"    T0IF = 0;
0031   11??           00641         BCF     _INTCONbits,2
                      00642 ;;; /home/sdcc-builder/build/sdcc-build/orig/sdcc/src/pic14/gen.c:2316:resultRemat *{*
                      00643 ;;; /home/sdcc-builder/build/sdcc-build/orig/sdcc/src/pic14/gen.c:2316:resultRemat *{*
                      00644 ;;; /home/sdcc-builder/build/sdcc-build/orig/sdcc/src/pic14/gen.c:6686:genPointerSet *{*
                      00645 ;; ***  genPointerSet  6687
                      00646 ;;; /home/sdcc-builder/build/sdcc-build/orig/sdcc/src/pic14/gen.c:6505:genNearPointerSet *{*
                      00647 ;; ***  genNearPointerSet  6506
                      00648 ;;      613
                      00649 ;;      aopForRemat 392
                      00650 ;;      418: rname _OPTION_REGbits, val 0, const = 0
                      00651 ;; ***  genNearPointerSet  6521
                      00652 ;;      833: aopGet AOP_PCODE type PO_IMMEDIATE
                      00653 ;;      _OPTION_REGbits
                      00654 ;;      line = 6523 result AOP_PCODE=_OPTION_REGbits, size=2, left -=-, size=0, right AOP_LIT=0x00, size
                            =1
                      00655 ;;; /home/sdcc-builder/build/sdcc-build/orig/sdcc/src/pic14/gen.c:6249:genPackBits *{*
                      00656 ;; ***  genPackBits  6250
                      00657 ;;      833: aopGet AOP_PCODE type PO_IMMEDIATE
                      00658 ;;      _OPTION_REGbits
                      00659 ;; >>> /home/sdcc-builder/build/sdcc-build/orig/sdcc/src/pic14/gen.c:6275:genPackBits
                      00660         .line   27; "sEOS.c"    T0CS = 0;
0032   ???? ????      00661         BANKSEL _OPTION_REGbits
0034   12??           00662         BCF     _OPTION_REGbits,5
                      00663 ;;; /home/sdcc-builder/build/sdcc-build/orig/sdcc/src/pic14/gen.c:2316:resultRemat *{*
                      00664 ;;; /home/sdcc-builder/build/sdcc-build/orig/sdcc/src/pic14/gen.c:2316:resultRemat *{*
                      00665 ;;; /home/sdcc-builder/build/sdcc-build/orig/sdcc/src/pic14/gen.c:6686:genPointerSet *{*
                      00666 ;; ***  genPointerSet  6687
                      00667 ;;; /home/sdcc-builder/build/sdcc-build/orig/sdcc/src/pic14/gen.c:6505:genNearPointerSet *{*
                      00668 ;; ***  genNearPointerSet  6506
                      00669 ;;      613
                      00670 ;;      aopForRemat 392
                      00671 ;;      418: rname _INTCONbits, val 0, const = 0
                      00672 ;; ***  genNearPointerSet  6521
gpasm-1.4.0 #1106 (Oct  6 2014) obj\Debug\sEO   2-3-2017  17:22:26          PAGE 14


LOC    OBJECT CODE    LINE  SOURCE TEXT
  VALUE

                      00673 ;;      833: aopGet AOP_PCODE type PO_IMMEDIATE
                      00674 ;;      _INTCONbits
                      00675 ;;      line = 6523 result AOP_PCODE=_INTCONbits, size=2, left -=-, size=0, right AOP_LIT=0x01, size=1
                      00676 ;;; /home/sdcc-builder/build/sdcc-build/orig/sdcc/src/pic14/gen.c:6249:genPackBits *{*
                      00677 ;; ***  genPackBits  6250
                      00678 ;;      833: aopGet AOP_PCODE type PO_IMMEDIATE
                      00679 ;;      _INTCONbits
                      00680 ;; >>> /home/sdcc-builder/build/sdcc-build/orig/sdcc/src/pic14/gen.c:6275:genPackBits
                      00681         .line   30; "sEOS.c"    T0IE = 1;
0035   ???? ????      00682         BANKSEL _INTCONbits
0037   16??           00683         BSF     _INTCONbits,5
                      00684 ;;; /home/sdcc-builder/build/sdcc-build/orig/sdcc/src/pic14/gen.c:2316:resultRemat *{*
                      00685 ;;; /home/sdcc-builder/build/sdcc-build/orig/sdcc/src/pic14/gen.c:2316:resultRemat *{*
                      00686 ;;; /home/sdcc-builder/build/sdcc-build/orig/sdcc/src/pic14/gen.c:6686:genPointerSet *{*
                      00687 ;; ***  genPointerSet  6687
                      00688 ;;; /home/sdcc-builder/build/sdcc-build/orig/sdcc/src/pic14/gen.c:6505:genNearPointerSet *{*
                      00689 ;; ***  genNearPointerSet  6506
                      00690 ;;      613
                      00691 ;;      aopForRemat 392
                      00692 ;;      418: rname _INTCONbits, val 0, const = 0
                      00693 ;; ***  genNearPointerSet  6521
                      00694 ;;      833: aopGet AOP_PCODE type PO_IMMEDIATE
                      00695 ;;      _INTCONbits
                      00696 ;;      line = 6523 result AOP_PCODE=_INTCONbits, size=2, left -=-, size=0, right AOP_LIT=0x01, size=1
                      00697 ;;; /home/sdcc-builder/build/sdcc-build/orig/sdcc/src/pic14/gen.c:6249:genPackBits *{*
                      00698 ;; ***  genPackBits  6250
                      00699 ;;      833: aopGet AOP_PCODE type PO_IMMEDIATE
                      00700 ;;      _INTCONbits
                      00701 ;; >>> /home/sdcc-builder/build/sdcc-build/orig/sdcc/src/pic14/gen.c:6275:genPackBits
                      00702         .line   31; "sEOS.c"    GIE = 1;
0038   17??           00703         BSF     _INTCONbits,7
                      00704 ;;; /home/sdcc-builder/build/sdcc-build/orig/sdcc/src/pic14/gen.c:2316:resultRemat *{*
                      00705 ;;; /home/sdcc-builder/build/sdcc-build/orig/sdcc/src/pic14/gen.c:2760:genLabel *{*
                      00706 ;; ***  genLabel  2763
                      00707 ;;; /home/sdcc-builder/build/sdcc-build/orig/sdcc/src/pic14/gen.c:2316:resultRemat *{*
                      00708 ;;; /home/sdcc-builder/build/sdcc-build/orig/sdcc/src/pic14/gen.c:2528:genEndFunction *{*
                      00709 ;; ***  genEndFunction  2530
0039   0008           00710         RETURN  
                      00711 ; exit point of _sEOS_Init_Timer0
                      00712 ;;; /home/sdcc-builder/build/sdcc-build/orig/sdcc/src/pic14/gen.c:7426:genpic14Code *{*
                      00713 
                      00714 
                      00715 ;       code size estimation:
                      00716 ;          55+   27 =    82 instructions (  218 byte)
                      00717 
                      00718         end
gpasm-1.4.0 #1106 (Oct  6 2014) obj\Debug\sEO   2-3-2017  17:22:26          PAGE 15


SYMBOL TABLE
  LABEL                             VALUE

ACKDT                             00000005
ACKEN                             00000004
ACKSTAT                           00000006
ADCON0                            0000001F
ADCON1                            0000009F
ADCS0                             00000006
ADCS1                             00000007
ADCS2                             00000006
ADDEN                             00000003
ADFM                              00000007
ADIE                              00000006
ADIF                              00000006
ADON                              00000000
ADRESH                            0000001E
ADRESL                            0000009E
BCLIE                             00000003
BCLIF                             00000003
BF                                00000000
BRGH                              00000002
C                                 00000000
C1INV                             00000004
C1OUT                             00000006
C2INV                             00000005
C2OUT                             00000007
CCP1CON                           00000017
CCP1IE                            00000002
CCP1IF                            00000002
CCP1M0                            00000000
CCP1M1                            00000001
CCP1M2                            00000002
CCP1M3                            00000003
CCP1X                             00000005
CCP1Y                             00000004
CCP2CON                           0000001D
CCP2IE                            00000000
CCP2IF                            00000000
CCP2M0                            00000000
CCP2M1                            00000001
CCP2M2                            00000002
CCP2M3                            00000003
CCP2X                             00000005
CCP2Y                             00000004
CCPR1                             00000015
CCPR1H                            00000016
CCPR1L                            00000015
CCPR2                             0000001B
CCPR2H                            0000001C
CCPR2L                            0000001B
CHS0                              00000003
CHS1                              00000004
CHS2                              00000005
CIS                               00000003
CKE                               00000006
gpasm-1.4.0 #1106 (Oct  6 2014) obj\Debug\sEO   2-3-2017  17:22:26          PAGE 16


SYMBOL TABLE
  LABEL                             VALUE 

CKP                               00000004
CM0                               00000000
CM1                               00000001
CM2                               00000002
CMCON                             0000009C
CMIE                              00000006
CMIF                              00000006
CREN                              00000004
CSRC                              00000007
CVR0                              00000000
CVR1                              00000001
CVR2                              00000002
CVR3                              00000003
CVRCON                            0000009D
CVREN                             00000007
CVROE                             00000006
CVRR                              00000005
D                                 00000005
DATA_ADDRESS                      00000005
DC                                00000001
D_A                               00000005
D_NOT_A                           00000005
EEADR                             0000010D
EEADRH                            0000010F
EECON1                            0000018C
EECON2                            0000018D
EEDATA                            0000010C
EEDATH                            0000010E
EEIE                              00000004
EEIF                              00000004
EEPGD                             00000007
END_OF_INTERRUPT                  00000037
F                                 00000001
FERR                              00000002
FSR                               00000004
GCEN                              00000007
GIE                               00000007
GO                                00000002
GO_DONE                           00000002
GO_NOT_DONE                       00000002
I2C_DATA                          00000005
I2C_READ                          00000002
I2C_START                         00000003
I2C_STOP                          00000004
IBF                               00000007
IBOV                              00000005
INDF                              00000000
INTCON                            0000000B
INTE                              00000004
INTEDG                            00000006
INTF                              00000001
IRP                               00000007
NOT_A                             00000005
gpasm-1.4.0 #1106 (Oct  6 2014) obj\Debug\sEO   2-3-2017  17:22:26          PAGE 17


SYMBOL TABLE
  LABEL                             VALUE 

NOT_ADDRESS                       00000005
NOT_BO                            00000000
NOT_BOR                           00000000
NOT_DONE                          00000002
NOT_PD                            00000003
NOT_POR                           00000001
NOT_RBPU                          00000007
NOT_RC8                           00000006
NOT_T1SYNC                        00000002
NOT_TO                            00000004
NOT_TX8                           00000006
NOT_W                             00000002
NOT_WRITE                         00000002
OBF                               00000006
OERR                              00000001
OPTION_REG                        00000081
P                                 00000004
PCFG0                             00000000
PCFG1                             00000001
PCFG2                             00000002
PCFG3                             00000003
PCL                               00000002
PCLATH                            0000000A
PCON                              0000008E
PEIE                              00000006
PEN                               00000002
PIE1                              0000008C
PIE2                              0000008D
PIR1                              0000000C
PIR2                              0000000D
PORTA                             00000005
PORTB                             00000006
PORTC                             00000007
PORTD                             00000008
PORTE                             00000009
PR2                               00000092
PS0                               00000000
PS1                               00000001
PS2                               00000002
PSA                               00000003
PSAVE                             00000000
PSPIE                             00000007
PSPIF                             00000007
PSPMODE                           00000004
R                                 00000002
RA0                               00000000
RA1                               00000001
RA2                               00000002
RA3                               00000003
RA4                               00000004
RA5                               00000005
RB0                               00000000
RB1                               00000001
gpasm-1.4.0 #1106 (Oct  6 2014) obj\Debug\sEO   2-3-2017  17:22:26          PAGE 18


SYMBOL TABLE
  LABEL                             VALUE 

RB2                               00000002
RB3                               00000003
RB4                               00000004
RB5                               00000005
RB6                               00000006
RB7                               00000007
RBIE                              00000003
RBIF                              00000000
RC0                               00000000
RC1                               00000001
RC2                               00000002
RC3                               00000003
RC4                               00000004
RC5                               00000005
RC6                               00000006
RC7                               00000007
RC8_9                             00000006
RC9                               00000006
RCD8                              00000000
RCEN                              00000003
RCIE                              00000005
RCIF                              00000005
RCREG                             0000001A
RCSTA                             00000018
RD                                00000000
RD0                               00000000
RD1                               00000001
RD2                               00000002
RD3                               00000003
RD4                               00000004
RD5                               00000005
RD6                               00000006
RD7                               00000007
RE0                               00000000
RE1                               00000001
RE2                               00000002
READ_WRITE                        00000002
RP0                               00000005
RP1                               00000006
RSEN                              00000001
RX9                               00000006
RX9D                              00000000
R_NOT_W                           00000002
R_W                               00000002
S                                 00000003
SEN                               00000000
SMP                               00000007
SPBRG                             00000099
SPEN                              00000007
SREN                              00000005
SSAVE                             00000000
SSPADD                            00000093
SSPBUF                            00000013
gpasm-1.4.0 #1106 (Oct  6 2014) obj\Debug\sEO   2-3-2017  17:22:26          PAGE 19


SYMBOL TABLE
  LABEL                             VALUE 

SSPCON                            00000014
SSPCON2                           00000091
SSPEN                             00000005
SSPIE                             00000003
SSPIF                             00000003
SSPM0                             00000000
SSPM1                             00000001
SSPM2                             00000002
SSPM3                             00000003
SSPOV                             00000006
SSPSTAT                           00000094
STATUS                            00000003
STK00                             00000000
STK01                             00000000
STK02                             00000000
STK03                             00000000
STK04                             00000000
STK05                             00000000
STK06                             00000000
STK07                             00000000
STK08                             00000000
STK09                             00000000
STK10                             00000000
STK11                             00000000
STK12                             00000000
SYNC                              00000004
T0CS                              00000005
T0IE                              00000005
T0IF                              00000002
T0SE                              00000004
T1CKPS0                           00000004
T1CKPS1                           00000005
T1CON                             00000010
T1INSYNC                          00000002
T1OSCEN                           00000003
T1SYNC                            00000002
T2CKPS0                           00000000
T2CKPS1                           00000001
T2CON                             00000012
TMR0                              00000001
TMR0IE                            00000005
TMR0IF                            00000002
TMR1                              0000000E
TMR1CS                            00000001
TMR1H                             0000000F
TMR1IE                            00000000
TMR1IF                            00000000
TMR1L                             0000000E
TMR1ON                            00000000
TMR2                              00000011
TMR2IE                            00000001
TMR2IF                            00000001
TMR2ON                            00000002
gpasm-1.4.0 #1106 (Oct  6 2014) obj\Debug\sEO   2-3-2017  17:22:26          PAGE 20


SYMBOL TABLE
  LABEL                             VALUE 

TOUTPS0                           00000003
TOUTPS1                           00000004
TOUTPS2                           00000005
TOUTPS3                           00000006
TRISA                             00000085
TRISA0                            00000000
TRISA1                            00000001
TRISA2                            00000002
TRISA3                            00000003
TRISA4                            00000004
TRISA5                            00000005
TRISB                             00000086
TRISB0                            00000000
TRISB1                            00000001
TRISB2                            00000002
TRISB3                            00000003
TRISB4                            00000004
TRISB5                            00000005
TRISB6                            00000006
TRISB7                            00000007
TRISC                             00000087
TRISC0                            00000000
TRISC1                            00000001
TRISC2                            00000002
TRISC3                            00000003
TRISC4                            00000004
TRISC5                            00000005
TRISC6                            00000006
TRISC7                            00000007
TRISD                             00000088
TRISD0                            00000000
TRISD1                            00000001
TRISD2                            00000002
TRISD3                            00000003
TRISD4                            00000004
TRISD5                            00000005
TRISD6                            00000006
TRISD7                            00000007
TRISE                             00000089
TRISE0                            00000000
TRISE1                            00000001
TRISE2                            00000002
TRMT                              00000001
TX8_9                             00000006
TX9                               00000006
TX9D                              00000000
TXD8                              00000000
TXEN                              00000005
TXIE                              00000004
TXIF                              00000004
TXREG                             00000019
TXSTA                             00000098
UA                                00000001
gpasm-1.4.0 #1106 (Oct  6 2014) obj\Debug\sEO   2-3-2017  17:22:26          PAGE 21


SYMBOL TABLE
  LABEL                             VALUE 

W                                 00000000
WCOL                              00000007
WR                                00000001
WREN                              00000002
WRERR                             00000003
WSAVE                             00000000
Z                                 00000002
_00001_DS_                        0000000A
_00111_DS_                        00000011
_ADCON0                           00000000
_ADCON0bits                       00000000
_ADCON1                           00000000
_ADCON1bits                       00000000
_ADRESH                           00000000
_ADRESL                           00000000
_BODEN_OFF                        00003FBF
_BODEN_ON                         00003FFF
_BOREN_OFF                        00003FBF
_BOREN_ON                         00003FFF
_BTN_ComputeState                 00000000
_BTN_GetPressTime                 00000000
_BTN_GetState                     00000000
_BTN_Init                         00000000
_BTN_Update                       00000000
_CCP1CON                          00000000
_CCP1CONbits                      00000000
_CCP2CON                          00000000
_CCP2CONbits                      00000000
_CCPR1                            00000000
_CCPR1H                           00000000
_CCPR1L                           00000000
_CCPR2                            00000000
_CCPR2H                           00000000
_CCPR2L                           00000000
_CMCON                            00000000
_CMCONbits                        00000000
_CONFIG                           00002007
_CPD_OFF                          00003FFF
_CPD_ON                           00003EFF
_CP_ALL                           00001FFF
_CP_OFF                           00003FFF
_CP_ON                            00001FFF
_CVRCON                           00000000
_CVRCONbits                       00000000
_Controller_Init                  00000000
_Controller_Update                00000000
_DEBUG_OFF                        00003FFF
_DEBUG_ON                         000037FF
_DEVID1                           00002006
_EEADR                            00000000
_EEADRH                           00000000
_EECON1                           00000000
_EECON1bits                       00000000
gpasm-1.4.0 #1106 (Oct  6 2014) obj\Debug\sEO   2-3-2017  17:22:26          PAGE 22


SYMBOL TABLE
  LABEL                             VALUE 

_EECON2                           00000000
_EEDATA                           00000000
_EEDATH                           00000000
_FOSC_EXTRC                       00003FFF
_FOSC_HS                          00003FFE
_FOSC_LP                          00003FFC
_FOSC_XT                          00003FFD
_FSR                              00000000
_HIF_Command                      00000000
_HIF_Init                         00000000
_HIF_Update                       00000000
_HS_OSC                           00003FFE
_IDLOC0                           00002000
_IDLOC1                           00002001
_IDLOC2                           00002002
_IDLOC3                           00002003
_INDF                             00000000
_INTCON                           00000000
_INTCONbits                       00000000
_LP_OSC                           00003FFC
_LVP_OFF                          00003F7F
_LVP_ON                           00003FFF
_OPTION_REG                       00000000
_OPTION_REGbits                   00000000
_PCL                              00000000
_PCLATH                           00000000
_PCON                             00000000
_PCONbits                         00000000
_PIE1                             00000000
_PIE1bits                         00000000
_PIE2                             00000000
_PIE2bits                         00000000
_PIR1                             00000000
_PIR1bits                         00000000
_PIR2                             00000000
_PIR2bits                         00000000
_PORTA                            00000000
_PORTAbits                        00000000
_PORTB                            00000000
_PORTBbits                        00000000
_PORTC                            00000000
_PORTCbits                        00000000
_PORTD                            00000000
_PORTDbits                        00000000
_PORTE                            00000000
_PORTEbits                        00000000
_PR2                              00000000
_PWRTE_OFF                        00003FFF
_PWRTE_ON                         00003FF7
_RCREG                            00000000
_RCSTA                            00000000
_RCSTAbits                        00000000
_RC_OSC                           00003FFF
gpasm-1.4.0 #1106 (Oct  6 2014) obj\Debug\sEO   2-3-2017  17:22:26          PAGE 23


SYMBOL TABLE
  LABEL                             VALUE 

_SPBRG                            00000000
_SSPADD                           00000000
_SSPBUF                           00000000
_SSPCON                           00000000
_SSPCON2                          00000000
_SSPCON2bits                      00000000
_SSPCONbits                       00000000
_SSPSTAT                          00000000
_SSPSTATbits                      00000000
_STATUS                           00000000
_STATUSbits                       00000000
_T1CON                            00000000
_T1CONbits                        00000000
_T2CON                            00000000
_T2CONbits                        00000000
_TIF_Command                      00000000
_TIF_Init                         00000000
_TIF_Update                       00000000
_TMR0                             00000000
_TMR0_reload                      00000000
_TMR1                             00000000
_TMR1H                            00000000
_TMR1L                            00000000
_TMR2                             00000000
_TRISA                            00000000
_TRISAbits                        00000000
_TRISB                            00000000
_TRISBbits                        00000000
_TRISC                            00000000
_TRISCbits                        00000000
_TRISD                            00000000
_TRISDbits                        00000000
_TRISE                            00000000
_TRISEbits                        00000000
_TXREG                            00000000
_TXSTA                            00000000
_TXSTAbits                        00000000
_WDTE_OFF                         00003FFB
_WDTE_ON                          00003FFF
_WDT_OFF                          00003FFB
_WDT_ON                           00003FFF
_WRT_1FOURTH                      00003BFF
_WRT_256                          00003DFF
_WRT_HALF                         000039FF
_WRT_OFF                          00003FFF
_XT_OSC                           00003FFD
__16F877A                         00000001
__CODE_END                        00001FFF
__CODE_START                      00000000
__COMMON_RAM_END                  0000007F
__COMMON_RAM_START                00000070
__EEPROM_END                      000021FF
__EEPROM_START                    00002100
gpasm-1.4.0 #1106 (Oct  6 2014) obj\Debug\sEO   2-3-2017  17:22:26          PAGE 24


SYMBOL TABLE
  LABEL                             VALUE 

__VECTOR_INT                      00000004
__VECTOR_RESET                    00000000
___sdcc_saved_fsr                 00000000
__mulchar                         00000000
__sdcc_interrupt                  00000004
_c_interrupt_0012                 00000012
_c_interrupt_0017                 00000017
_c_interrupt_001C                 0000001C
_c_interrupt_0021                 00000021
_code_sEOS_0023                   00000023
_sEOS_Go_To_Sleep                 00000000
_sEOS_Init_Timer0                 00000012
_sEOS_Timer0_ISR                  00000004
r0x1002                           00000001
r0x1004                           00000000

Errors   :     0
Warnings :     0 reported,     0 suppressed
Messages :     0 reported,     0 suppressed

