gpasm-1.4.0 #1106 (Oct  6 2014) obj\Debug\SSD   2-3-2017  17:22:26          PAGE  1


LOC    OBJECT CODE    LINE  SOURCE TEXT
  VALUE

                      00001 ;--------------------------------------------------------
                      00002 ; File Created by SDCC : free open source ANSI-C Compiler
                      00003 ; Version 3.5.0 #9253 (Jun 20 2015) (MINGW32)
                      00004 ; This file was generated Fri Feb 03 17:22:26 2017
                      00005 ;--------------------------------------------------------
                      00006 ; PIC port for the 14-bit core
                      00007 ;--------------------------------------------------------
                      00008         .file   "SSD.c"
                      00009         list    p=16f877a
                      00010         radix dec
                      00011         include "p16f877a.inc"
                      00001         LIST
                      00002 
                      00003 ;==========================================================================
                      00004 ; Build date : Aug 07 2014
                      00005 ;  MPASM PIC16F877A processor include
                      00006 ; 
                      00007 ;  (c) Copyright 1999-2014 Microchip Technology, All rights reserved
                      00008 ;==========================================================================
                      00009 
                      00567         LIST
                      00012 ;--------------------------------------------------------
                      00013 ; external declarations
                      00014 ;--------------------------------------------------------
  0000                00015         extern  _STATUSbits
  0000                00016         extern  _PORTAbits
  0000                00017         extern  _PORTBbits
  0000                00018         extern  _PORTCbits
  0000                00019         extern  _PORTDbits
  0000                00020         extern  _PORTEbits
  0000                00021         extern  _INTCONbits
  0000                00022         extern  _PIR1bits
  0000                00023         extern  _PIR2bits
  0000                00024         extern  _T1CONbits
  0000                00025         extern  _T2CONbits
  0000                00026         extern  _SSPCONbits
  0000                00027         extern  _CCP1CONbits
  0000                00028         extern  _RCSTAbits
  0000                00029         extern  _CCP2CONbits
  0000                00030         extern  _ADCON0bits
  0000                00031         extern  _OPTION_REGbits
  0000                00032         extern  _TRISAbits
  0000                00033         extern  _TRISBbits
  0000                00034         extern  _TRISCbits
  0000                00035         extern  _TRISDbits
  0000                00036         extern  _TRISEbits
  0000                00037         extern  _PIE1bits
  0000                00038         extern  _PIE2bits
  0000                00039         extern  _PCONbits
  0000                00040         extern  _SSPCON2bits
  0000                00041         extern  _SSPSTATbits
  0000                00042         extern  _TXSTAbits
  0000                00043         extern  _CMCONbits
gpasm-1.4.0 #1106 (Oct  6 2014) obj\Debug\SSD   2-3-2017  17:22:26          PAGE  2


LOC    OBJECT CODE    LINE  SOURCE TEXT
  VALUE

  0000                00044         extern  _CVRCONbits
  0000                00045         extern  _ADCON1bits
  0000                00046         extern  _EECON1bits
  0000                00047         extern  _INDF
  0000                00048         extern  _TMR0
  0000                00049         extern  _PCL
  0000                00050         extern  _STATUS
  0000                00051         extern  _FSR
  0000                00052         extern  _PORTA
  0000                00053         extern  _PORTB
  0000                00054         extern  _PORTC
  0000                00055         extern  _PORTD
  0000                00056         extern  _PORTE
  0000                00057         extern  _PCLATH
  0000                00058         extern  _INTCON
  0000                00059         extern  _PIR1
  0000                00060         extern  _PIR2
  0000                00061         extern  _TMR1
  0000                00062         extern  _TMR1L
  0000                00063         extern  _TMR1H
  0000                00064         extern  _T1CON
  0000                00065         extern  _TMR2
  0000                00066         extern  _T2CON
  0000                00067         extern  _SSPBUF
  0000                00068         extern  _SSPCON
  0000                00069         extern  _CCPR1
  0000                00070         extern  _CCPR1L
  0000                00071         extern  _CCPR1H
  0000                00072         extern  _CCP1CON
  0000                00073         extern  _RCSTA
  0000                00074         extern  _TXREG
  0000                00075         extern  _RCREG
  0000                00076         extern  _CCPR2
  0000                00077         extern  _CCPR2L
  0000                00078         extern  _CCPR2H
  0000                00079         extern  _CCP2CON
  0000                00080         extern  _ADRESH
  0000                00081         extern  _ADCON0
  0000                00082         extern  _OPTION_REG
  0000                00083         extern  _TRISA
  0000                00084         extern  _TRISB
  0000                00085         extern  _TRISC
  0000                00086         extern  _TRISD
  0000                00087         extern  _TRISE
  0000                00088         extern  _PIE1
  0000                00089         extern  _PIE2
  0000                00090         extern  _PCON
  0000                00091         extern  _SSPCON2
  0000                00092         extern  _PR2
  0000                00093         extern  _SSPADD
  0000                00094         extern  _SSPSTAT
  0000                00095         extern  _TXSTA
  0000                00096         extern  _SPBRG
gpasm-1.4.0 #1106 (Oct  6 2014) obj\Debug\SSD   2-3-2017  17:22:26          PAGE  3


LOC    OBJECT CODE    LINE  SOURCE TEXT
  VALUE

  0000                00097         extern  _CMCON
  0000                00098         extern  _CVRCON
  0000                00099         extern  _ADRESL
  0000                00100         extern  _ADCON1
  0000                00101         extern  _EEDATA
  0000                00102         extern  _EEADR
  0000                00103         extern  _EEDATH
  0000                00104         extern  _EEADRH
  0000                00105         extern  _EECON1
  0000                00106         extern  _EECON2
                      00107 
  0000                00108         extern PSAVE
  0000                00109         extern SSAVE
  0000                00110         extern WSAVE
  0000                00111         extern STK12
  0000                00112         extern STK11
  0000                00113         extern STK10
  0000                00114         extern STK09
  0000                00115         extern STK08
  0000                00116         extern STK07
  0000                00117         extern STK06
  0000                00118         extern STK05
  0000                00119         extern STK04
  0000                00120         extern STK03
  0000                00121         extern STK02
  0000                00122         extern STK01
  0000                00123         extern STK00
                      00124 ;--------------------------------------------------------
                      00125 ; global declarations
                      00126 ;--------------------------------------------------------
  0000                00127         global  _SSD_GetState
  0000                00128         global  _SSD_Command
  0000                00129         global  _SSD_Init
                      00130 
                      00131 ;--------------------------------------------------------
                      00132 ; global definitions
                      00133 ;--------------------------------------------------------
                      00134 ;--------------------------------------------------------
                      00135 ; absolute symbol definitions
                      00136 ;--------------------------------------------------------
                      00137 ;--------------------------------------------------------
                      00138 ; compiler-defined variables
                      00139 ;--------------------------------------------------------
                      00140 UDL_SSD_0       udata
0000                  00141 r0x1004 res     1
0001                  00142 r0x1001 res     1
0002                  00143 r0x1002 res     1
0003                  00144 r0x1000 res     1
                      00145 ;--------------------------------------------------------
                      00146 ; initialized data
                      00147 ;--------------------------------------------------------
                      00148 ;--------------------------------------------------------
                      00149 ; overlayable items in internal ram 
gpasm-1.4.0 #1106 (Oct  6 2014) obj\Debug\SSD   2-3-2017  17:22:26          PAGE  4


LOC    OBJECT CODE    LINE  SOURCE TEXT
  VALUE

                      00150 ;--------------------------------------------------------
                      00151 ;       udata_ovr
                      00152 ;--------------------------------------------------------
                      00153 ; code
                      00154 ;--------------------------------------------------------
                      00155 code_SSD        code
                      00156 ;***
                      00157 ;  pBlock Stats: dbName = C
                      00158 ;***
                      00159 ;entry:  _SSD_GetState  ;Function start
                      00160 ; 0 exit points
                      00161 ;1 compiler assigned register :
                      00162 ;   r0x1000
                      00163 ;; Starting pCode block
                      00164 ;;; /home/sdcc-builder/build/sdcc-build/orig/sdcc/src/pic14/gen.c:2316:resultRemat *{*
                      00165 ;;; /home/sdcc-builder/build/sdcc-build/orig/sdcc/src/pic14/gen.c:2760:genLabel *{*
                      00166 ;; ***  genLabel  2763
                      00167 ;;; /home/sdcc-builder/build/sdcc-build/orig/sdcc/src/pic14/gen.c:2316:resultRemat *{*
                      00168 ;;; /home/sdcc-builder/build/sdcc-build/orig/sdcc/src/pic14/gen.c:2340:genFunction *{*
                      00169 ;; ***  genFunction  2342 curr label offset=8previous max_key=43 
0000                  00170 _SSD_GetState   ;Function start
                      00171 ; 0 exit points
                      00172 ;;; /home/sdcc-builder/build/sdcc-build/orig/sdcc/src/pic14/gen.c:2316:resultRemat *{*
                      00173 ;;; /home/sdcc-builder/build/sdcc-build/orig/sdcc/src/pic14/gen.c:7358:genReceive *{*
                      00174 ;; ***  genReceive  7359
                      00175 ;;      694 register type nRegs=1
                      00176 ;;; /home/sdcc-builder/build/sdcc-build/orig/sdcc/src/pic14/gen.c:1907:assignResultValue *{*
                      00177 ;; ***  assignResultValue  1909
                      00178 ;;      line = 1911 result -=-, size=0, left AOP_REG=r0x104C, size=1, right -=-, size=0
                      00179 ;; >>> /home/sdcc-builder/build/sdcc-build/orig/sdcc/src/pic14/gen.c:1393:movwf
                      00180 ;;      1109 rIdx = r0x104C 
                      00181         .line   66; "SSD.c"     tSSD_Command SSD_GetState(tSSD ssd)
0000   ???? ????      00182         BANKSEL r0x1000
0002   00??           00183         MOVWF   r0x1000
                      00184 ;;; /home/sdcc-builder/build/sdcc-build/orig/sdcc/src/pic14/gen.c:2316:resultRemat *{*
                      00185 ;;; /home/sdcc-builder/build/sdcc-build/orig/sdcc/src/pic14/gen.c:6759:genIfx *{*
                      00186 ;; ***  genIfx  6760
                      00187 ;;      694 register type nRegs=1
                      00188 ;; ***  pic14_toBoolean  1515
                      00189 ;; >>> /home/sdcc-builder/build/sdcc-build/orig/sdcc/src/pic14/gen.c:1522:pic14_toBoolean
                      00190         .line   68; "SSD.c"     if(ssd==SSD_LEFT)
0003   08??           00191         MOVF    r0x1000,W
0004   1D03           00192         BTFSS   STATUS,2
                      00193 ;; >>> /home/sdcc-builder/build/sdcc-build/orig/sdcc/src/pic14/gen.c:6809:genIfx
                      00194 ;; ***  popGetLabel  key=4, label offset 55
0005   2???           00195         GOTO    _00159_DS_
                      00196 ;;; /home/sdcc-builder/build/sdcc-build/orig/sdcc/src/pic14/gen.c:2316:resultRemat *{*
                      00197 ;;; /home/sdcc-builder/build/sdcc-build/orig/sdcc/src/pic14/gen.c:2683:genRet *{*
                      00198 ;; ***  genRet  2685
                      00199 ;;; /home/sdcc-builder/build/sdcc-build/orig/sdcc/src/pic14/gen.c:1343:mov2w_op *{*
                      00200 ;; >>> /home/sdcc-builder/build/sdcc-build/orig/sdcc/src/pic14/gen.c:1361:mov2w_op
                      00201         .line   70; "SSD.c"     return SSD_LEFT_CONTROL_PIN;
0006   3005           00202         MOVLW   0x05
gpasm-1.4.0 #1106 (Oct  6 2014) obj\Debug\SSD   2-3-2017  17:22:26          PAGE  5


LOC    OBJECT CODE    LINE  SOURCE TEXT
  VALUE

                      00203 ;; >>> /home/sdcc-builder/build/sdcc-build/orig/sdcc/src/pic14/gen.c:2709:genRet
                      00204 ;; ***  popGetLabel  key=6, label offset 55
0007   2???           00205         GOTO    _00161_DS_
                      00206 ;;; /home/sdcc-builder/build/sdcc-build/orig/sdcc/src/pic14/gen.c:2316:resultRemat *{*
                      00207 ;;; /home/sdcc-builder/build/sdcc-build/orig/sdcc/src/pic14/gen.c:2760:genLabel *{*
                      00208 ;; ***  genLabel  2763
                      00209 ;;; /home/sdcc-builder/build/sdcc-build/orig/sdcc/src/pic14/gen.c:2316:resultRemat *{*
                      00210 ;;; /home/sdcc-builder/build/sdcc-build/orig/sdcc/src/pic14/gen.c:3619:genCmpEq *{*
                      00211 ;; ***  genCmpEq  3620
                      00212 ;; ifx is non-null
                      00213 ;;      694 register type nRegs=1
                      00214 ;;      line = 3631 result AOP_CRY=0x00, size=0, left AOP_REG=r0x104C, size=1, right AOP_LIT=0x01, size=
                            1
                      00215 ;; ***  mov2w  1381  offset=0
                      00216 ;; >>> /home/sdcc-builder/build/sdcc-build/orig/sdcc/src/pic14/gen.c:1386:mov2w
                      00217 ;;      1109 rIdx = r0x104C 
0008                  00218 _00159_DS_
                      00219         .line   72; "SSD.c"     else if(ssd==SSD_RIGHT)
0008   ???? ????      00220         BANKSEL r0x1000
000A   08??           00221         MOVF    r0x1000,W
                      00222 ;; >>> /home/sdcc-builder/build/sdcc-build/orig/sdcc/src/pic14/gen.c:3685:genCmpEq
                      00223         .line   74; "SSD.c"     return SSD_RIGHT_CONTROL_PIN;
000B   3A01           00224         XORLW   0x01
000C   1903           00225         BTFSC   STATUS,2
000D   3004           00226         MOVLW   0x04
000E                  00227 _00161_DS_
000E   0008           00228         RETURN  
                      00229 
                      00230 ;***
                      00231 ;  pBlock Stats: dbName = C
                      00232 ;***
                      00233 ;entry:  _SSD_Command   ;Function start
                      00234 ; 2 exit points
                      00235 ;has an exit
                      00236 ;4 compiler assigned registers:
                      00237 ;   r0x1001
                      00238 ;   STK00
                      00239 ;   r0x1002
                      00240 ;   r0x1003
                      00241 ;; Starting pCode block
                      00242 ;;; /home/sdcc-builder/build/sdcc-build/orig/sdcc/src/pic14/gen.c:2316:resultRemat *{*
                      00243 ;;; /home/sdcc-builder/build/sdcc-build/orig/sdcc/src/pic14/gen.c:2760:genLabel *{*
                      00244 ;; ***  genLabel  2763
                      00245 ;;; /home/sdcc-builder/build/sdcc-build/orig/sdcc/src/pic14/gen.c:2316:resultRemat *{*
                      00246 ;;; /home/sdcc-builder/build/sdcc-build/orig/sdcc/src/pic14/gen.c:2340:genFunction *{*
                      00247 ;; ***  genFunction  2342 curr label offset=4previous max_key=0 
000F                  00248 _SSD_Command    ;Function start
                      00249 ; 2 exit points
                      00250 ;;; /home/sdcc-builder/build/sdcc-build/orig/sdcc/src/pic14/gen.c:2316:resultRemat *{*
                      00251 ;;; /home/sdcc-builder/build/sdcc-build/orig/sdcc/src/pic14/gen.c:7358:genReceive *{*
                      00252 ;; ***  genReceive  7359
                      00253 ;;      694 register type nRegs=1
                      00254 ;;; /home/sdcc-builder/build/sdcc-build/orig/sdcc/src/pic14/gen.c:1907:assignResultValue *{*
gpasm-1.4.0 #1106 (Oct  6 2014) obj\Debug\SSD   2-3-2017  17:22:26          PAGE  6


LOC    OBJECT CODE    LINE  SOURCE TEXT
  VALUE

                      00255 ;; ***  assignResultValue  1909
                      00256 ;;      line = 1911 result -=-, size=0, left AOP_REG=r0x1049, size=1, right -=-, size=0
                      00257 ;; >>> /home/sdcc-builder/build/sdcc-build/orig/sdcc/src/pic14/gen.c:1393:movwf
                      00258 ;;      1109 rIdx = r0x1049 
                      00259         .line   28; "SSD.c"     void SSD_Command(tSSD ssd, tSSD_Command command)
000F   ???? ????      00260         BANKSEL r0x1001
0011   00??           00261         MOVWF   r0x1001
                      00262 ;;; /home/sdcc-builder/build/sdcc-build/orig/sdcc/src/pic14/gen.c:2316:resultRemat *{*
                      00263 ;;; /home/sdcc-builder/build/sdcc-build/orig/sdcc/src/pic14/gen.c:7358:genReceive *{*
                      00264 ;; ***  genReceive  7359
                      00265 ;;      694 register type nRegs=1
                      00266 ;;; /home/sdcc-builder/build/sdcc-build/orig/sdcc/src/pic14/gen.c:1907:assignResultValue *{*
                      00267 ;; ***  assignResultValue  1909
                      00268 ;;      line = 1911 result -=-, size=0, left AOP_REG=r0x104A, size=1, right -=-, size=0
                      00269 ;; >>> /home/sdcc-builder/build/sdcc-build/orig/sdcc/src/pic14/gen.c:1423:get_returnvalue
                      00270 ;; ***  popRegFromIdx,1042  , rIdx=0x7f
0012   08??           00271         MOVF    STK00,W
                      00272 ;; >>> /home/sdcc-builder/build/sdcc-build/orig/sdcc/src/pic14/gen.c:1393:movwf
                      00273 ;;      1109 rIdx = r0x104A 
0013   00??           00274         MOVWF   r0x1002
                      00275 ;;; /home/sdcc-builder/build/sdcc-build/orig/sdcc/src/pic14/gen.c:2316:resultRemat *{*
                      00276 ;;; /home/sdcc-builder/build/sdcc-build/orig/sdcc/src/pic14/gen.c:7120:genCast *{*
                      00277 ;; ***  genCast  7121
                      00278 ;;      694 register type nRegs=1
                      00279 ;;      694 register type nRegs=1
                      00280 ;;      line = 7129 result AOP_REG=r0x104B, size=1, left -=-, size=0, right AOP_REG=r0x1049, size=1
                      00281 ;; ***  genCast  7253
                      00282 ;; >>> /home/sdcc-builder/build/sdcc-build/orig/sdcc/src/pic14/gen.c:7277:genCast
                      00283 ;;      1109 rIdx = r0x1049 
                      00284         .line   30; "SSD.c"     switch (ssd)
0014   08??           00285         MOVF    r0x1001,W
                      00286 ;;1     MOVWF   r0x1003
0015   1903           00287         BTFSC   STATUS,2
0016   2???           00288         GOTO    _00110_DS_
0017   08??           00289         MOVF    r0x1001,W
0018   3A01           00290         XORLW   0x01
0019   1903           00291         BTFSC   STATUS,2
001A   2???           00292         GOTO    _00123_DS_
001B   2???           00293         GOTO    _00136_DS_
001C                  00294 _00110_DS_
                      00295         .line   34; "SSD.c"     GPIO_WRITE_PORTPIN(SSD_CONTROL_PORT,SSD_LEFT_CONTROL_PIN , SSD_ON);
001C   ???? ????      00296         BANKSEL _PORTB
001E   08??           00297         MOVF    _PORTB,W
                      00298 ;; >>> /home/sdcc-builder/build/sdcc-build/orig/sdcc/src/pic14/gen.c:7278:genCast
                      00299 ;;      1109 rIdx = r0x1049 
001F   ???? ????      00300         BANKSEL r0x1001
0021   00??           00301         MOVWF   r0x1001
                      00302 ;;; /home/sdcc-builder/build/sdcc-build/orig/sdcc/src/pic14/gen.c:2316:resultRemat *{*
                      00303 ;;; /home/sdcc-builder/build/sdcc-build/orig/sdcc/src/pic14/gen.c:3919:genAnd *{*
                      00304 ;; ***  genAnd  3920
                      00305 ;;      694 register type nRegs=1
                      00306 ;; ***  aopForSym 315
                      00307 ;;      327 sym->rname = _PORTB, size = 1
gpasm-1.4.0 #1106 (Oct  6 2014) obj\Debug\SSD   2-3-2017  17:22:26          PAGE  7


LOC    OBJECT CODE    LINE  SOURCE TEXT
  VALUE

                      00308 ;;      line = 3955 result AOP_DIR=_PORTB, size=1, left AOP_REG=r0x1049, size=1, right AOP_LIT=0xdf, siz
                            e=1
                      00309 ;; >>> /home/sdcc-builder/build/sdcc-build/orig/sdcc/src/pic14/gen.c:4190:genAnd
0022   30DF           00310         MOVLW   0xdf
                      00311 ;; >>> /home/sdcc-builder/build/sdcc-build/orig/sdcc/src/pic14/gen.c:4191:genAnd
                      00312 ;;      1109 rIdx = r0x1049 
0023   05??           00313         ANDWF   r0x1001,W
                      00314 ;; >>> /home/sdcc-builder/build/sdcc-build/orig/sdcc/src/pic14/gen.c:4192:genAnd
                      00315 ;;      1009
                      00316 ;;      1028  _PORTB   offset=0
0024   ???? ????      00317         BANKSEL _PORTB
0026   00??           00318         MOVWF   _PORTB
                      00319 ;;; /home/sdcc-builder/build/sdcc-build/orig/sdcc/src/pic14/gen.c:2316:resultRemat *{*
                      00320 ;;; /home/sdcc-builder/build/sdcc-build/orig/sdcc/src/pic14/gen.c:4220:genOr *{*
                      00321 ;; ***  genOr  4221
                      00322 ;; ***  aopForSym 315
                      00323 ;;      327 sym->rname = _PORTB, size = 1
                      00324 ;;      575
                      00325 ;;      line = 4227 result AOP_DIR=_PORTB, size=1, left AOP_DIR=_PORTB, size=1, right AOP_LIT=0x20, size
                            =1
                      00326 ;;      line = 4253 result AOP_DIR=_PORTB, size=1, left AOP_DIR=_PORTB, size=1, right AOP_LIT=0x20, size
                            =1
                      00327 ;; >>> /home/sdcc-builder/build/sdcc-build/orig/sdcc/src/pic14/gen.c:4404:genOr
0027   16??           00328         BSF     _PORTB,5
                      00329 ;;; /home/sdcc-builder/build/sdcc-build/orig/sdcc/src/pic14/gen.c:2316:resultRemat *{*
                      00330 ;;; /home/sdcc-builder/build/sdcc-build/orig/sdcc/src/pic14/gen.c:6759:genIfx *{*
                      00331 ;; ***  genIfx  6760
                      00332 ;;      694 register type nRegs=1
                      00333 ;; ***  pic14_toBoolean  1515
                      00334 ;; >>> /home/sdcc-builder/build/sdcc-build/orig/sdcc/src/pic14/gen.c:1522:pic14_toBoolean
                      00335         .line   35; "SSD.c"     if(command==0)
0028   ???? ????      00336         BANKSEL r0x1002
002A   08??           00337         MOVF    r0x1002,W
002B   1D03           00338         BTFSS   STATUS,2
                      00339 ;; >>> /home/sdcc-builder/build/sdcc-build/orig/sdcc/src/pic14/gen.c:6809:genIfx
                      00340 ;; ***  popGetLabel  key=8, label offset 8
002C   2???           00341         GOTO    _00116_DS_
                      00342 ;;; /home/sdcc-builder/build/sdcc-build/orig/sdcc/src/pic14/gen.c:2316:resultRemat *{*
                      00343 ;;; /home/sdcc-builder/build/sdcc-build/orig/sdcc/src/pic14/gen.c:6927:genAssign *{*
                      00344 ;; ***  genAssign  6928
                      00345 ;; ***  aopForSym 315
                      00346 ;;      327 sym->rname = _PORTD, size = 1
                      00347 ;;      line = 6937 result AOP_DIR=_PORTD, size=1, left -=-, size=0, right AOP_LIT=0x00, size=1
                      00348 ;; ***  genAssign  7023
                      00349 ;; >>> /home/sdcc-builder/build/sdcc-build/orig/sdcc/src/pic14/gen.c:7035:genAssign
                      00350 ;;      1009
                      00351 ;;      1028  _PORTD   offset=0
                      00352         .line   37; "SSD.c"     GPIO_WRITE_PORT(SSD_DATA_PORT,0);
002D   ???? ????      00353         BANKSEL _PORTD
002F   01??           00354         CLRF    _PORTD
                      00355 ;;; /home/sdcc-builder/build/sdcc-build/orig/sdcc/src/pic14/gen.c:2316:resultRemat *{*
                      00356 ;;; /home/sdcc-builder/build/sdcc-build/orig/sdcc/src/pic14/gen.c:2778:genGoto *{*
                      00357 ;; >>> /home/sdcc-builder/build/sdcc-build/orig/sdcc/src/pic14/gen.c:2780:genGoto
gpasm-1.4.0 #1106 (Oct  6 2014) obj\Debug\SSD   2-3-2017  17:22:26          PAGE  8


LOC    OBJECT CODE    LINE  SOURCE TEXT
  VALUE

                      00358 ;; ***  popGetLabel  key=28, label offset 8
0030   2???           00359         GOTO    _00136_DS_
                      00360 ;;; /home/sdcc-builder/build/sdcc-build/orig/sdcc/src/pic14/gen.c:2316:resultRemat *{*
                      00361 ;;; /home/sdcc-builder/build/sdcc-build/orig/sdcc/src/pic14/gen.c:2760:genLabel *{*
                      00362 ;; ***  genLabel  2763
                      00363 ;;; /home/sdcc-builder/build/sdcc-build/orig/sdcc/src/pic14/gen.c:2316:resultRemat *{*
                      00364 ;;; /home/sdcc-builder/build/sdcc-build/orig/sdcc/src/pic14/gen.c:6927:genAssign *{*
                      00365 ;; ***  genAssign  6928
                      00366 ;; ***  aopForSym 315
                      00367 ;;      327 sym->rname = _PORTD, size = 1
                      00368 ;;      line = 6937 result AOP_DIR=_PORTD, size=1, left -=-, size=0, right AOP_LIT=0x7f, size=1
                      00369 ;; ***  genAssign  7023
                      00370 ;; >>> /home/sdcc-builder/build/sdcc-build/orig/sdcc/src/pic14/gen.c:7030:genAssign
0031                  00371 _00116_DS_
                      00372         .line   42; "SSD.c"     GPIO_WRITE_PORT(SSD_DATA_PORT,SSD_VALUE);
0031   307F           00373         MOVLW   0x7f
                      00374 ;; >>> /home/sdcc-builder/build/sdcc-build/orig/sdcc/src/pic14/gen.c:7032:genAssign
                      00375 ;;      1009
                      00376 ;;      1028  _PORTD   offset=0
0032   ???? ????      00377         BANKSEL _PORTD
0034   00??           00378         MOVWF   _PORTD
                      00379 ;;; /home/sdcc-builder/build/sdcc-build/orig/sdcc/src/pic14/gen.c:2316:resultRemat *{*
                      00380 ;;; /home/sdcc-builder/build/sdcc-build/orig/sdcc/src/pic14/gen.c:2778:genGoto *{*
                      00381 ;; >>> /home/sdcc-builder/build/sdcc-build/orig/sdcc/src/pic14/gen.c:2780:genGoto
                      00382 ;; ***  popGetLabel  key=28, label offset 8
                      00383         .line   44; "SSD.c"     break;
0035   2???           00384         GOTO    _00136_DS_
                      00385 ;;; /home/sdcc-builder/build/sdcc-build/orig/sdcc/src/pic14/gen.c:2316:resultRemat *{*
                      00386 ;;; /home/sdcc-builder/build/sdcc-build/orig/sdcc/src/pic14/gen.c:2760:genLabel *{*
                      00387 ;; ***  genLabel  2763
                      00388 ;;; /home/sdcc-builder/build/sdcc-build/orig/sdcc/src/pic14/gen.c:2316:resultRemat *{*
                      00389 ;;; /home/sdcc-builder/build/sdcc-build/orig/sdcc/src/pic14/gen.c:7120:genCast *{*
                      00390 ;; ***  genCast  7121
                      00391 ;; ***  aopForSym 315
                      00392 ;;      327 sym->rname = _PORTB, size = 1
                      00393 ;;      694 register type nRegs=1
                      00394 ;;      line = 7129 result AOP_REG=r0x1049, size=1, left -=-, size=0, right AOP_DIR=_PORTB, size=1
                      00395 ;; ***  genCast  7253
                      00396 ;; >>> /home/sdcc-builder/build/sdcc-build/orig/sdcc/src/pic14/gen.c:7277:genCast
                      00397 ;;      1009
                      00398 ;;      1028  _PORTB   offset=0
0036                  00399 _00123_DS_
                      00400         .line   46; "SSD.c"     GPIO_WRITE_PORTPIN(SSD_CONTROL_PORT,SSD_RIGHT_CONTROL_PIN , SSD_ON);
0036   ???? ????      00401         BANKSEL _PORTB
0038   08??           00402         MOVF    _PORTB,W
                      00403 ;; >>> /home/sdcc-builder/build/sdcc-build/orig/sdcc/src/pic14/gen.c:7278:genCast
                      00404 ;;      1109 rIdx = r0x1049 
0039   ???? ????      00405         BANKSEL r0x1001
003B   00??           00406         MOVWF   r0x1001
                      00407 ;;; /home/sdcc-builder/build/sdcc-build/orig/sdcc/src/pic14/gen.c:2316:resultRemat *{*
                      00408 ;;; /home/sdcc-builder/build/sdcc-build/orig/sdcc/src/pic14/gen.c:3919:genAnd *{*
                      00409 ;; ***  genAnd  3920
                      00410 ;;      694 register type nRegs=1
gpasm-1.4.0 #1106 (Oct  6 2014) obj\Debug\SSD   2-3-2017  17:22:26          PAGE  9


LOC    OBJECT CODE    LINE  SOURCE TEXT
  VALUE

                      00411 ;; ***  aopForSym 315
                      00412 ;;      327 sym->rname = _PORTB, size = 1
                      00413 ;;      line = 3955 result AOP_DIR=_PORTB, size=1, left AOP_REG=r0x1049, size=1, right AOP_LIT=0xef, siz
                            e=1
                      00414 ;; >>> /home/sdcc-builder/build/sdcc-build/orig/sdcc/src/pic14/gen.c:4190:genAnd
003C   30EF           00415         MOVLW   0xef
                      00416 ;; >>> /home/sdcc-builder/build/sdcc-build/orig/sdcc/src/pic14/gen.c:4191:genAnd
                      00417 ;;      1109 rIdx = r0x1049 
003D   05??           00418         ANDWF   r0x1001,W
                      00419 ;; >>> /home/sdcc-builder/build/sdcc-build/orig/sdcc/src/pic14/gen.c:4192:genAnd
                      00420 ;;      1009
                      00421 ;;      1028  _PORTB   offset=0
003E   ???? ????      00422         BANKSEL _PORTB
0040   00??           00423         MOVWF   _PORTB
                      00424 ;;; /home/sdcc-builder/build/sdcc-build/orig/sdcc/src/pic14/gen.c:2316:resultRemat *{*
                      00425 ;;; /home/sdcc-builder/build/sdcc-build/orig/sdcc/src/pic14/gen.c:4220:genOr *{*
                      00426 ;; ***  genOr  4221
                      00427 ;; ***  aopForSym 315
                      00428 ;;      327 sym->rname = _PORTB, size = 1
                      00429 ;;      575
                      00430 ;;      line = 4227 result AOP_DIR=_PORTB, size=1, left AOP_DIR=_PORTB, size=1, right AOP_LIT=0x10, size
                            =1
                      00431 ;;      line = 4253 result AOP_DIR=_PORTB, size=1, left AOP_DIR=_PORTB, size=1, right AOP_LIT=0x10, size
                            =1
                      00432 ;; >>> /home/sdcc-builder/build/sdcc-build/orig/sdcc/src/pic14/gen.c:4404:genOr
0041   16??           00433         BSF     _PORTB,4
                      00434 ;;; /home/sdcc-builder/build/sdcc-build/orig/sdcc/src/pic14/gen.c:2316:resultRemat *{*
                      00435 ;;; /home/sdcc-builder/build/sdcc-build/orig/sdcc/src/pic14/gen.c:6759:genIfx *{*
                      00436 ;; ***  genIfx  6760
                      00437 ;;      694 register type nRegs=1
                      00438 ;; ***  pic14_toBoolean  1515
                      00439 ;; >>> /home/sdcc-builder/build/sdcc-build/orig/sdcc/src/pic14/gen.c:1522:pic14_toBoolean
                      00440         .line   48; "SSD.c"     if(command==0)
0042   ???? ????      00441         BANKSEL r0x1002
0044   08??           00442         MOVF    r0x1002,W
0045   1D03           00443         BTFSS   STATUS,2
                      00444 ;; >>> /home/sdcc-builder/build/sdcc-build/orig/sdcc/src/pic14/gen.c:6809:genIfx
                      00445 ;; ***  popGetLabel  key=21, label offset 8
0046   2???           00446         GOTO    _00129_DS_
                      00447 ;;; /home/sdcc-builder/build/sdcc-build/orig/sdcc/src/pic14/gen.c:2316:resultRemat *{*
                      00448 ;;; /home/sdcc-builder/build/sdcc-build/orig/sdcc/src/pic14/gen.c:6927:genAssign *{*
                      00449 ;; ***  genAssign  6928
                      00450 ;; ***  aopForSym 315
                      00451 ;;      327 sym->rname = _PORTD, size = 1
                      00452 ;;      line = 6937 result AOP_DIR=_PORTD, size=1, left -=-, size=0, right AOP_LIT=0x00, size=1
                      00453 ;; ***  genAssign  7023
                      00454 ;; >>> /home/sdcc-builder/build/sdcc-build/orig/sdcc/src/pic14/gen.c:7035:genAssign
                      00455 ;;      1009
                      00456 ;;      1028  _PORTD   offset=0
                      00457         .line   50; "SSD.c"     GPIO_WRITE_PORT(SSD_DATA_PORT,0);
0047   ???? ????      00458         BANKSEL _PORTD
0049   01??           00459         CLRF    _PORTD
                      00460 ;;; /home/sdcc-builder/build/sdcc-build/orig/sdcc/src/pic14/gen.c:2316:resultRemat *{*
gpasm-1.4.0 #1106 (Oct  6 2014) obj\Debug\SSD   2-3-2017  17:22:26          PAGE 10


LOC    OBJECT CODE    LINE  SOURCE TEXT
  VALUE

                      00461 ;;; /home/sdcc-builder/build/sdcc-build/orig/sdcc/src/pic14/gen.c:2778:genGoto *{*
                      00462 ;; >>> /home/sdcc-builder/build/sdcc-build/orig/sdcc/src/pic14/gen.c:2780:genGoto
                      00463 ;; ***  popGetLabel  key=28, label offset 8
004A   2???           00464         GOTO    _00136_DS_
                      00465 ;;; /home/sdcc-builder/build/sdcc-build/orig/sdcc/src/pic14/gen.c:2316:resultRemat *{*
                      00466 ;;; /home/sdcc-builder/build/sdcc-build/orig/sdcc/src/pic14/gen.c:2760:genLabel *{*
                      00467 ;; ***  genLabel  2763
                      00468 ;;; /home/sdcc-builder/build/sdcc-build/orig/sdcc/src/pic14/gen.c:2316:resultRemat *{*
                      00469 ;;; /home/sdcc-builder/build/sdcc-build/orig/sdcc/src/pic14/gen.c:6927:genAssign *{*
                      00470 ;; ***  genAssign  6928
                      00471 ;; ***  aopForSym 315
                      00472 ;;      327 sym->rname = _PORTD, size = 1
                      00473 ;;      line = 6937 result AOP_DIR=_PORTD, size=1, left -=-, size=0, right AOP_LIT=0x7f, size=1
                      00474 ;; ***  genAssign  7023
                      00475 ;; >>> /home/sdcc-builder/build/sdcc-build/orig/sdcc/src/pic14/gen.c:7030:genAssign
004B                  00476 _00129_DS_
                      00477         .line   55; "SSD.c"     GPIO_WRITE_PORT(SSD_DATA_PORT,SSD_VALUE);
004B   307F           00478         MOVLW   0x7f
                      00479 ;; >>> /home/sdcc-builder/build/sdcc-build/orig/sdcc/src/pic14/gen.c:7032:genAssign
                      00480 ;;      1009
                      00481 ;;      1028  _PORTD   offset=0
004C   ???? ????      00482         BANKSEL _PORTD
004E   00??           00483         MOVWF   _PORTD
                      00484 ;;; /home/sdcc-builder/build/sdcc-build/orig/sdcc/src/pic14/gen.c:2316:resultRemat *{*
                      00485 ;;; /home/sdcc-builder/build/sdcc-build/orig/sdcc/src/pic14/gen.c:2760:genLabel *{*
                      00486 ;; ***  genLabel  2763
                      00487 ;;; /home/sdcc-builder/build/sdcc-build/orig/sdcc/src/pic14/gen.c:2316:resultRemat *{*
                      00488 ;;; /home/sdcc-builder/build/sdcc-build/orig/sdcc/src/pic14/gen.c:2528:genEndFunction *{*
                      00489 ;; ***  genEndFunction  2530
004F                  00490 _00136_DS_
                      00491         .line   58; "SSD.c"     }
004F   0008           00492         RETURN  
                      00493 ; exit point of _SSD_Command
                      00494 ;;; /home/sdcc-builder/build/sdcc-build/orig/sdcc/src/pic14/gen.c:7426:genpic14Code *{*
                      00495 
                      00496 ;***
                      00497 ;  pBlock Stats: dbName = C
                      00498 ;***
                      00499 ;entry:  _SSD_Init      ;Function start
                      00500 ; 2 exit points
                      00501 ;has an exit
                      00502 ;1 compiler assigned register :
                      00503 ;   r0x1004
                      00504 ;; Starting pCode block
                      00505 ;;; /home/sdcc-builder/build/sdcc-build/orig/sdcc/src/pic14/gen.c:2316:resultRemat *{*
                      00506 ;;; /home/sdcc-builder/build/sdcc-build/orig/sdcc/src/pic14/gen.c:2760:genLabel *{*
                      00507 ;; ***  genLabel  2763
                      00508 ;;; /home/sdcc-builder/build/sdcc-build/orig/sdcc/src/pic14/gen.c:2316:resultRemat *{*
                      00509 ;;; /home/sdcc-builder/build/sdcc-build/orig/sdcc/src/pic14/gen.c:2340:genFunction *{*
                      00510 ;; ***  genFunction  2342 curr label offset=0previous max_key=0 
0050                  00511 _SSD_Init       ;Function start
                      00512 ; 2 exit points
                      00513 ;;; /home/sdcc-builder/build/sdcc-build/orig/sdcc/src/pic14/gen.c:2316:resultRemat *{*
gpasm-1.4.0 #1106 (Oct  6 2014) obj\Debug\SSD   2-3-2017  17:22:26          PAGE 11


LOC    OBJECT CODE    LINE  SOURCE TEXT
  VALUE

                      00514 ;;; /home/sdcc-builder/build/sdcc-build/orig/sdcc/src/pic14/gen.c:7120:genCast *{*
                      00515 ;; ***  genCast  7121
                      00516 ;; ***  aopForSym 315
                      00517 ;;      327 sym->rname = _TRISB, size = 1
                      00518 ;;      694 register type nRegs=1
                      00519 ;;      line = 7129 result AOP_REG=r0x1048, size=1, left -=-, size=0, right AOP_DIR=_TRISB, size=1
                      00520 ;; ***  genCast  7253
                      00521 ;; >>> /home/sdcc-builder/build/sdcc-build/orig/sdcc/src/pic14/gen.c:7277:genCast
                      00522 ;;      1009
                      00523 ;;      1028  _TRISB   offset=0
                      00524         .line   13; "SSD.c"     GPIO_INIT_PORTPIN(SSD_CONTROL_DDR, SSD_LEFT_CONTROL_PIN, GPIO_OUTPUT_DDR
                            );
0050   ???? ????      00525         BANKSEL _TRISB
0052   08??           00526         MOVF    _TRISB,W
                      00527 ;; >>> /home/sdcc-builder/build/sdcc-build/orig/sdcc/src/pic14/gen.c:7278:genCast
                      00528 ;;      1109 rIdx = r0x1048 
0053   ???? ????      00529         BANKSEL r0x1004
0055   00??           00530         MOVWF   r0x1004
                      00531 ;;; /home/sdcc-builder/build/sdcc-build/orig/sdcc/src/pic14/gen.c:2316:resultRemat *{*
                      00532 ;;; /home/sdcc-builder/build/sdcc-build/orig/sdcc/src/pic14/gen.c:3919:genAnd *{*
                      00533 ;; ***  genAnd  3920
                      00534 ;;      694 register type nRegs=1
                      00535 ;; ***  aopForSym 315
                      00536 ;;      327 sym->rname = _TRISB, size = 1
                      00537 ;;      line = 3955 result AOP_DIR=_TRISB, size=1, left AOP_REG=r0x1048, size=1, right AOP_LIT=0xdf, siz
                            e=1
                      00538 ;; >>> /home/sdcc-builder/build/sdcc-build/orig/sdcc/src/pic14/gen.c:4190:genAnd
0056   30DF           00539         MOVLW   0xdf
                      00540 ;; >>> /home/sdcc-builder/build/sdcc-build/orig/sdcc/src/pic14/gen.c:4191:genAnd
                      00541 ;;      1109 rIdx = r0x1048 
0057   05??           00542         ANDWF   r0x1004,W
                      00543 ;; >>> /home/sdcc-builder/build/sdcc-build/orig/sdcc/src/pic14/gen.c:4192:genAnd
                      00544 ;;      1009
                      00545 ;;      1028  _TRISB   offset=0
0058   ???? ????      00546         BANKSEL _TRISB
005A   00??           00547         MOVWF   _TRISB
                      00548 ;;; /home/sdcc-builder/build/sdcc-build/orig/sdcc/src/pic14/gen.c:2316:resultRemat *{*
                      00549 ;;; /home/sdcc-builder/build/sdcc-build/orig/sdcc/src/pic14/gen.c:6927:genAssign *{*
                      00550 ;; ***  genAssign  6928
                      00551 ;;; /home/sdcc-builder/build/sdcc-build/orig/sdcc/src/pic14/gen.c:2316:resultRemat *{*
                      00552 ;;; /home/sdcc-builder/build/sdcc-build/orig/sdcc/src/pic14/gen.c:7120:genCast *{*
                      00553 ;; ***  genCast  7121
                      00554 ;; ***  aopForSym 315
                      00555 ;;      327 sym->rname = _TRISB, size = 1
                      00556 ;;      694 register type nRegs=1
                      00557 ;;      line = 7129 result AOP_REG=r0x1048, size=1, left -=-, size=0, right AOP_DIR=_TRISB, size=1
                      00558 ;; ***  genCast  7253
                      00559 ;; >>> /home/sdcc-builder/build/sdcc-build/orig/sdcc/src/pic14/gen.c:7277:genCast
                      00560 ;;      1009
                      00561 ;;      1028  _TRISB   offset=0
                      00562         .line   14; "SSD.c"     GPIO_INIT_PORTPIN(SSD_CONTROL_DDR, SSD_RIGHT_CONTROL_PIN, GPIO_OUTPUT_DD
                            R);
005B   08??           00563         MOVF    _TRISB,W
gpasm-1.4.0 #1106 (Oct  6 2014) obj\Debug\SSD   2-3-2017  17:22:26          PAGE 12


LOC    OBJECT CODE    LINE  SOURCE TEXT
  VALUE

                      00564 ;; >>> /home/sdcc-builder/build/sdcc-build/orig/sdcc/src/pic14/gen.c:7278:genCast
                      00565 ;;      1109 rIdx = r0x1048 
005C   ???? ????      00566         BANKSEL r0x1004
005E   00??           00567         MOVWF   r0x1004
                      00568 ;;; /home/sdcc-builder/build/sdcc-build/orig/sdcc/src/pic14/gen.c:2316:resultRemat *{*
                      00569 ;;; /home/sdcc-builder/build/sdcc-build/orig/sdcc/src/pic14/gen.c:3919:genAnd *{*
                      00570 ;; ***  genAnd  3920
                      00571 ;;      694 register type nRegs=1
                      00572 ;; ***  aopForSym 315
                      00573 ;;      327 sym->rname = _TRISB, size = 1
                      00574 ;;      line = 3955 result AOP_DIR=_TRISB, size=1, left AOP_REG=r0x1048, size=1, right AOP_LIT=0xef, siz
                            e=1
                      00575 ;; >>> /home/sdcc-builder/build/sdcc-build/orig/sdcc/src/pic14/gen.c:4190:genAnd
005F   30EF           00576         MOVLW   0xef
                      00577 ;; >>> /home/sdcc-builder/build/sdcc-build/orig/sdcc/src/pic14/gen.c:4191:genAnd
                      00578 ;;      1109 rIdx = r0x1048 
0060   05??           00579         ANDWF   r0x1004,W
                      00580 ;; >>> /home/sdcc-builder/build/sdcc-build/orig/sdcc/src/pic14/gen.c:4192:genAnd
                      00581 ;;      1009
                      00582 ;;      1028  _TRISB   offset=0
0061   ???? ????      00583         BANKSEL _TRISB
0063   00??           00584         MOVWF   _TRISB
                      00585 ;;; /home/sdcc-builder/build/sdcc-build/orig/sdcc/src/pic14/gen.c:2316:resultRemat *{*
                      00586 ;;; /home/sdcc-builder/build/sdcc-build/orig/sdcc/src/pic14/gen.c:6927:genAssign *{*
                      00587 ;; ***  genAssign  6928
                      00588 ;;; /home/sdcc-builder/build/sdcc-build/orig/sdcc/src/pic14/gen.c:2316:resultRemat *{*
                      00589 ;;; /home/sdcc-builder/build/sdcc-build/orig/sdcc/src/pic14/gen.c:6927:genAssign *{*
                      00590 ;; ***  genAssign  6928
                      00591 ;; ***  aopForSym 315
                      00592 ;;      327 sym->rname = _TRISD, size = 1
                      00593 ;;      line = 6937 result AOP_DIR=_TRISD, size=1, left -=-, size=0, right AOP_LIT=0x00, size=1
                      00594 ;; ***  genAssign  7023
                      00595 ;; >>> /home/sdcc-builder/build/sdcc-build/orig/sdcc/src/pic14/gen.c:7035:genAssign
                      00596 ;;      1009
                      00597 ;;      1028  _TRISD   offset=0
                      00598         .line   15; "SSD.c"     SSD_DATA_PORT_DDR=GPIO_OUTPUT_DDR;
0064   01??           00599         CLRF    _TRISD
                      00600 ;;; /home/sdcc-builder/build/sdcc-build/orig/sdcc/src/pic14/gen.c:2316:resultRemat *{*
                      00601 ;;; /home/sdcc-builder/build/sdcc-build/orig/sdcc/src/pic14/gen.c:7120:genCast *{*
                      00602 ;; ***  genCast  7121
                      00603 ;; ***  aopForSym 315
                      00604 ;;      327 sym->rname = _PORTB, size = 1
                      00605 ;;      694 register type nRegs=1
                      00606 ;;      line = 7129 result AOP_REG=r0x1048, size=1, left -=-, size=0, right AOP_DIR=_PORTB, size=1
                      00607 ;; ***  genCast  7253
                      00608 ;; >>> /home/sdcc-builder/build/sdcc-build/orig/sdcc/src/pic14/gen.c:7277:genCast
                      00609 ;;      1009
                      00610 ;;      1028  _PORTB   offset=0
                      00611         .line   17; "SSD.c"     GPIO_WRITE_PORTPIN(SSD_CONTROL_PORT, SSD_LEFT_CONTROL_PIN, 0);
0065   ???? ????      00612         BANKSEL _PORTB
0067   08??           00613         MOVF    _PORTB,W
                      00614 ;; >>> /home/sdcc-builder/build/sdcc-build/orig/sdcc/src/pic14/gen.c:7278:genCast
                      00615 ;;      1109 rIdx = r0x1048 
gpasm-1.4.0 #1106 (Oct  6 2014) obj\Debug\SSD   2-3-2017  17:22:26          PAGE 13


LOC    OBJECT CODE    LINE  SOURCE TEXT
  VALUE

0068   ???? ????      00616         BANKSEL r0x1004
006A   00??           00617         MOVWF   r0x1004
                      00618 ;;; /home/sdcc-builder/build/sdcc-build/orig/sdcc/src/pic14/gen.c:2316:resultRemat *{*
                      00619 ;;; /home/sdcc-builder/build/sdcc-build/orig/sdcc/src/pic14/gen.c:3919:genAnd *{*
                      00620 ;; ***  genAnd  3920
                      00621 ;;      694 register type nRegs=1
                      00622 ;; ***  aopForSym 315
                      00623 ;;      327 sym->rname = _PORTB, size = 1
                      00624 ;;      line = 3955 result AOP_DIR=_PORTB, size=1, left AOP_REG=r0x1048, size=1, right AOP_LIT=0xdf, siz
                            e=1
                      00625 ;; >>> /home/sdcc-builder/build/sdcc-build/orig/sdcc/src/pic14/gen.c:4190:genAnd
006B   30DF           00626         MOVLW   0xdf
                      00627 ;; >>> /home/sdcc-builder/build/sdcc-build/orig/sdcc/src/pic14/gen.c:4191:genAnd
                      00628 ;;      1109 rIdx = r0x1048 
006C   05??           00629         ANDWF   r0x1004,W
                      00630 ;; >>> /home/sdcc-builder/build/sdcc-build/orig/sdcc/src/pic14/gen.c:4192:genAnd
                      00631 ;;      1009
                      00632 ;;      1028  _PORTB   offset=0
006D   ???? ????      00633         BANKSEL _PORTB
006F   00??           00634         MOVWF   _PORTB
                      00635 ;;; /home/sdcc-builder/build/sdcc-build/orig/sdcc/src/pic14/gen.c:2316:resultRemat *{*
                      00636 ;;; /home/sdcc-builder/build/sdcc-build/orig/sdcc/src/pic14/gen.c:6927:genAssign *{*
                      00637 ;; ***  genAssign  6928
                      00638 ;;; /home/sdcc-builder/build/sdcc-build/orig/sdcc/src/pic14/gen.c:2316:resultRemat *{*
                      00639 ;;; /home/sdcc-builder/build/sdcc-build/orig/sdcc/src/pic14/gen.c:7120:genCast *{*
                      00640 ;; ***  genCast  7121
                      00641 ;; ***  aopForSym 315
                      00642 ;;      327 sym->rname = _PORTB, size = 1
                      00643 ;;      694 register type nRegs=1
                      00644 ;;      line = 7129 result AOP_REG=r0x1048, size=1, left -=-, size=0, right AOP_DIR=_PORTB, size=1
                      00645 ;; ***  genCast  7253
                      00646 ;; >>> /home/sdcc-builder/build/sdcc-build/orig/sdcc/src/pic14/gen.c:7277:genCast
                      00647 ;;      1009
                      00648 ;;      1028  _PORTB   offset=0
                      00649         .line   18; "SSD.c"     GPIO_WRITE_PORTPIN(SSD_CONTROL_PORT, SSD_RIGHT_CONTROL_PIN, 0);
0070   08??           00650         MOVF    _PORTB,W
                      00651 ;; >>> /home/sdcc-builder/build/sdcc-build/orig/sdcc/src/pic14/gen.c:7278:genCast
                      00652 ;;      1109 rIdx = r0x1048 
0071   ???? ????      00653         BANKSEL r0x1004
0073   00??           00654         MOVWF   r0x1004
                      00655 ;;; /home/sdcc-builder/build/sdcc-build/orig/sdcc/src/pic14/gen.c:2316:resultRemat *{*
                      00656 ;;; /home/sdcc-builder/build/sdcc-build/orig/sdcc/src/pic14/gen.c:3919:genAnd *{*
                      00657 ;; ***  genAnd  3920
                      00658 ;;      694 register type nRegs=1
                      00659 ;; ***  aopForSym 315
                      00660 ;;      327 sym->rname = _PORTB, size = 1
                      00661 ;;      line = 3955 result AOP_DIR=_PORTB, size=1, left AOP_REG=r0x1048, size=1, right AOP_LIT=0xef, siz
                            e=1
                      00662 ;; >>> /home/sdcc-builder/build/sdcc-build/orig/sdcc/src/pic14/gen.c:4190:genAnd
0074   30EF           00663         MOVLW   0xef
                      00664 ;; >>> /home/sdcc-builder/build/sdcc-build/orig/sdcc/src/pic14/gen.c:4191:genAnd
                      00665 ;;      1109 rIdx = r0x1048 
0075   05??           00666         ANDWF   r0x1004,W
gpasm-1.4.0 #1106 (Oct  6 2014) obj\Debug\SSD   2-3-2017  17:22:26          PAGE 14


LOC    OBJECT CODE    LINE  SOURCE TEXT
  VALUE

                      00667 ;; >>> /home/sdcc-builder/build/sdcc-build/orig/sdcc/src/pic14/gen.c:4192:genAnd
                      00668 ;;      1009
                      00669 ;;      1028  _PORTB   offset=0
0076   ???? ????      00670         BANKSEL _PORTB
0078   00??           00671         MOVWF   _PORTB
                      00672 ;;; /home/sdcc-builder/build/sdcc-build/orig/sdcc/src/pic14/gen.c:2316:resultRemat *{*
                      00673 ;;; /home/sdcc-builder/build/sdcc-build/orig/sdcc/src/pic14/gen.c:6927:genAssign *{*
                      00674 ;; ***  genAssign  6928
                      00675 ;;; /home/sdcc-builder/build/sdcc-build/orig/sdcc/src/pic14/gen.c:2316:resultRemat *{*
                      00676 ;;; /home/sdcc-builder/build/sdcc-build/orig/sdcc/src/pic14/gen.c:6927:genAssign *{*
                      00677 ;; ***  genAssign  6928
                      00678 ;; ***  aopForSym 315
                      00679 ;;      327 sym->rname = _PORTD, size = 1
                      00680 ;;      line = 6937 result AOP_DIR=_PORTD, size=1, left -=-, size=0, right AOP_LIT=0x00, size=1
                      00681 ;; ***  genAssign  7023
                      00682 ;; >>> /home/sdcc-builder/build/sdcc-build/orig/sdcc/src/pic14/gen.c:7035:genAssign
                      00683 ;;      1009
                      00684 ;;      1028  _PORTD   offset=0
                      00685         .line   19; "SSD.c"     GPIO_WRITE_PORT(SSD_DATA_PORT,0);
0079   01??           00686         CLRF    _PORTD
                      00687 ;;; /home/sdcc-builder/build/sdcc-build/orig/sdcc/src/pic14/gen.c:2316:resultRemat *{*
                      00688 ;;; /home/sdcc-builder/build/sdcc-build/orig/sdcc/src/pic14/gen.c:2760:genLabel *{*
                      00689 ;; ***  genLabel  2763
                      00690 ;;; /home/sdcc-builder/build/sdcc-build/orig/sdcc/src/pic14/gen.c:2316:resultRemat *{*
                      00691 ;;; /home/sdcc-builder/build/sdcc-build/orig/sdcc/src/pic14/gen.c:2528:genEndFunction *{*
                      00692 ;; ***  genEndFunction  2530
007A   0008           00693         RETURN  
                      00694 ; exit point of _SSD_Init
                      00695 ;;; /home/sdcc-builder/build/sdcc-build/orig/sdcc/src/pic14/gen.c:7426:genpic14Code *{*
                      00696 
                      00697 
                      00698 ;       code size estimation:
                      00699 ;          73+   25 =    98 instructions (  246 byte)
                      00700 
                      00701         end
gpasm-1.4.0 #1106 (Oct  6 2014) obj\Debug\SSD   2-3-2017  17:22:26          PAGE 15


SYMBOL TABLE
  LABEL                             VALUE

ACKDT                             00000005
ACKEN                             00000004
ACKSTAT                           00000006
ADCON0                            0000001F
ADCON1                            0000009F
ADCS0                             00000006
ADCS1                             00000007
ADCS2                             00000006
ADDEN                             00000003
ADFM                              00000007
ADIE                              00000006
ADIF                              00000006
ADON                              00000000
ADRESH                            0000001E
ADRESL                            0000009E
BCLIE                             00000003
BCLIF                             00000003
BF                                00000000
BRGH                              00000002
C                                 00000000
C1INV                             00000004
C1OUT                             00000006
C2INV                             00000005
C2OUT                             00000007
CCP1CON                           00000017
CCP1IE                            00000002
CCP1IF                            00000002
CCP1M0                            00000000
CCP1M1                            00000001
CCP1M2                            00000002
CCP1M3                            00000003
CCP1X                             00000005
CCP1Y                             00000004
CCP2CON                           0000001D
CCP2IE                            00000000
CCP2IF                            00000000
CCP2M0                            00000000
CCP2M1                            00000001
CCP2M2                            00000002
CCP2M3                            00000003
CCP2X                             00000005
CCP2Y                             00000004
CCPR1                             00000015
CCPR1H                            00000016
CCPR1L                            00000015
CCPR2                             0000001B
CCPR2H                            0000001C
CCPR2L                            0000001B
CHS0                              00000003
CHS1                              00000004
CHS2                              00000005
CIS                               00000003
CKE                               00000006
gpasm-1.4.0 #1106 (Oct  6 2014) obj\Debug\SSD   2-3-2017  17:22:26          PAGE 16


SYMBOL TABLE
  LABEL                             VALUE 

CKP                               00000004
CM0                               00000000
CM1                               00000001
CM2                               00000002
CMCON                             0000009C
CMIE                              00000006
CMIF                              00000006
CREN                              00000004
CSRC                              00000007
CVR0                              00000000
CVR1                              00000001
CVR2                              00000002
CVR3                              00000003
CVRCON                            0000009D
CVREN                             00000007
CVROE                             00000006
CVRR                              00000005
D                                 00000005
DATA_ADDRESS                      00000005
DC                                00000001
D_A                               00000005
D_NOT_A                           00000005
EEADR                             0000010D
EEADRH                            0000010F
EECON1                            0000018C
EECON2                            0000018D
EEDATA                            0000010C
EEDATH                            0000010E
EEIE                              00000004
EEIF                              00000004
EEPGD                             00000007
F                                 00000001
FERR                              00000002
FSR                               00000004
GCEN                              00000007
GIE                               00000007
GO                                00000002
GO_DONE                           00000002
GO_NOT_DONE                       00000002
I2C_DATA                          00000005
I2C_READ                          00000002
I2C_START                         00000003
I2C_STOP                          00000004
IBF                               00000007
IBOV                              00000005
INDF                              00000000
INTCON                            0000000B
INTE                              00000004
INTEDG                            00000006
INTF                              00000001
IRP                               00000007
NOT_A                             00000005
NOT_ADDRESS                       00000005
gpasm-1.4.0 #1106 (Oct  6 2014) obj\Debug\SSD   2-3-2017  17:22:26          PAGE 17


SYMBOL TABLE
  LABEL                             VALUE 

NOT_BO                            00000000
NOT_BOR                           00000000
NOT_DONE                          00000002
NOT_PD                            00000003
NOT_POR                           00000001
NOT_RBPU                          00000007
NOT_RC8                           00000006
NOT_T1SYNC                        00000002
NOT_TO                            00000004
NOT_TX8                           00000006
NOT_W                             00000002
NOT_WRITE                         00000002
OBF                               00000006
OERR                              00000001
OPTION_REG                        00000081
P                                 00000004
PCFG0                             00000000
PCFG1                             00000001
PCFG2                             00000002
PCFG3                             00000003
PCL                               00000002
PCLATH                            0000000A
PCON                              0000008E
PEIE                              00000006
PEN                               00000002
PIE1                              0000008C
PIE2                              0000008D
PIR1                              0000000C
PIR2                              0000000D
PORTA                             00000005
PORTB                             00000006
PORTC                             00000007
PORTD                             00000008
PORTE                             00000009
PR2                               00000092
PS0                               00000000
PS1                               00000001
PS2                               00000002
PSA                               00000003
PSAVE                             00000000
PSPIE                             00000007
PSPIF                             00000007
PSPMODE                           00000004
R                                 00000002
RA0                               00000000
RA1                               00000001
RA2                               00000002
RA3                               00000003
RA4                               00000004
RA5                               00000005
RB0                               00000000
RB1                               00000001
RB2                               00000002
gpasm-1.4.0 #1106 (Oct  6 2014) obj\Debug\SSD   2-3-2017  17:22:26          PAGE 18


SYMBOL TABLE
  LABEL                             VALUE 

RB3                               00000003
RB4                               00000004
RB5                               00000005
RB6                               00000006
RB7                               00000007
RBIE                              00000003
RBIF                              00000000
RC0                               00000000
RC1                               00000001
RC2                               00000002
RC3                               00000003
RC4                               00000004
RC5                               00000005
RC6                               00000006
RC7                               00000007
RC8_9                             00000006
RC9                               00000006
RCD8                              00000000
RCEN                              00000003
RCIE                              00000005
RCIF                              00000005
RCREG                             0000001A
RCSTA                             00000018
RD                                00000000
RD0                               00000000
RD1                               00000001
RD2                               00000002
RD3                               00000003
RD4                               00000004
RD5                               00000005
RD6                               00000006
RD7                               00000007
RE0                               00000000
RE1                               00000001
RE2                               00000002
READ_WRITE                        00000002
RP0                               00000005
RP1                               00000006
RSEN                              00000001
RX9                               00000006
RX9D                              00000000
R_NOT_W                           00000002
R_W                               00000002
S                                 00000003
SEN                               00000000
SMP                               00000007
SPBRG                             00000099
SPEN                              00000007
SREN                              00000005
SSAVE                             00000000
SSPADD                            00000093
SSPBUF                            00000013
SSPCON                            00000014
gpasm-1.4.0 #1106 (Oct  6 2014) obj\Debug\SSD   2-3-2017  17:22:26          PAGE 19


SYMBOL TABLE
  LABEL                             VALUE 

SSPCON2                           00000091
SSPEN                             00000005
SSPIE                             00000003
SSPIF                             00000003
SSPM0                             00000000
SSPM1                             00000001
SSPM2                             00000002
SSPM3                             00000003
SSPOV                             00000006
SSPSTAT                           00000094
STATUS                            00000003
STK00                             00000000
STK01                             00000000
STK02                             00000000
STK03                             00000000
STK04                             00000000
STK05                             00000000
STK06                             00000000
STK07                             00000000
STK08                             00000000
STK09                             00000000
STK10                             00000000
STK11                             00000000
STK12                             00000000
SYNC                              00000004
T0CS                              00000005
T0IE                              00000005
T0IF                              00000002
T0SE                              00000004
T1CKPS0                           00000004
T1CKPS1                           00000005
T1CON                             00000010
T1INSYNC                          00000002
T1OSCEN                           00000003
T1SYNC                            00000002
T2CKPS0                           00000000
T2CKPS1                           00000001
T2CON                             00000012
TMR0                              00000001
TMR0IE                            00000005
TMR0IF                            00000002
TMR1                              0000000E
TMR1CS                            00000001
TMR1H                             0000000F
TMR1IE                            00000000
TMR1IF                            00000000
TMR1L                             0000000E
TMR1ON                            00000000
TMR2                              00000011
TMR2IE                            00000001
TMR2IF                            00000001
TMR2ON                            00000002
TOUTPS0                           00000003
gpasm-1.4.0 #1106 (Oct  6 2014) obj\Debug\SSD   2-3-2017  17:22:26          PAGE 20


SYMBOL TABLE
  LABEL                             VALUE 

TOUTPS1                           00000004
TOUTPS2                           00000005
TOUTPS3                           00000006
TRISA                             00000085
TRISA0                            00000000
TRISA1                            00000001
TRISA2                            00000002
TRISA3                            00000003
TRISA4                            00000004
TRISA5                            00000005
TRISB                             00000086
TRISB0                            00000000
TRISB1                            00000001
TRISB2                            00000002
TRISB3                            00000003
TRISB4                            00000004
TRISB5                            00000005
TRISB6                            00000006
TRISB7                            00000007
TRISC                             00000087
TRISC0                            00000000
TRISC1                            00000001
TRISC2                            00000002
TRISC3                            00000003
TRISC4                            00000004
TRISC5                            00000005
TRISC6                            00000006
TRISC7                            00000007
TRISD                             00000088
TRISD0                            00000000
TRISD1                            00000001
TRISD2                            00000002
TRISD3                            00000003
TRISD4                            00000004
TRISD5                            00000005
TRISD6                            00000006
TRISD7                            00000007
TRISE                             00000089
TRISE0                            00000000
TRISE1                            00000001
TRISE2                            00000002
TRMT                              00000001
TX8_9                             00000006
TX9                               00000006
TX9D                              00000000
TXD8                              00000000
TXEN                              00000005
TXIE                              00000004
TXIF                              00000004
TXREG                             00000019
TXSTA                             00000098
UA                                00000001
W                                 00000000
gpasm-1.4.0 #1106 (Oct  6 2014) obj\Debug\SSD   2-3-2017  17:22:26          PAGE 21


SYMBOL TABLE
  LABEL                             VALUE 

WCOL                              00000007
WR                                00000001
WREN                              00000002
WRERR                             00000003
WSAVE                             00000000
Z                                 00000002
_00110_DS_                        0000001C
_00116_DS_                        00000031
_00123_DS_                        00000036
_00129_DS_                        0000004B
_00136_DS_                        0000004F
_00159_DS_                        00000008
_00161_DS_                        0000000E
_ADCON0                           00000000
_ADCON0bits                       00000000
_ADCON1                           00000000
_ADCON1bits                       00000000
_ADRESH                           00000000
_ADRESL                           00000000
_BODEN_OFF                        00003FBF
_BODEN_ON                         00003FFF
_BOREN_OFF                        00003FBF
_BOREN_ON                         00003FFF
_CCP1CON                          00000000
_CCP1CONbits                      00000000
_CCP2CON                          00000000
_CCP2CONbits                      00000000
_CCPR1                            00000000
_CCPR1H                           00000000
_CCPR1L                           00000000
_CCPR2                            00000000
_CCPR2H                           00000000
_CCPR2L                           00000000
_CMCON                            00000000
_CMCONbits                        00000000
_CONFIG                           00002007
_CPD_OFF                          00003FFF
_CPD_ON                           00003EFF
_CP_ALL                           00001FFF
_CP_OFF                           00003FFF
_CP_ON                            00001FFF
_CVRCON                           00000000
_CVRCONbits                       00000000
_DEBUG_OFF                        00003FFF
_DEBUG_ON                         000037FF
_DEVID1                           00002006
_EEADR                            00000000
_EEADRH                           00000000
_EECON1                           00000000
_EECON1bits                       00000000
_EECON2                           00000000
_EEDATA                           00000000
_EEDATH                           00000000
gpasm-1.4.0 #1106 (Oct  6 2014) obj\Debug\SSD   2-3-2017  17:22:26          PAGE 22


SYMBOL TABLE
  LABEL                             VALUE 

_FOSC_EXTRC                       00003FFF
_FOSC_HS                          00003FFE
_FOSC_LP                          00003FFC
_FOSC_XT                          00003FFD
_FSR                              00000000
_HS_OSC                           00003FFE
_IDLOC0                           00002000
_IDLOC1                           00002001
_IDLOC2                           00002002
_IDLOC3                           00002003
_INDF                             00000000
_INTCON                           00000000
_INTCONbits                       00000000
_LP_OSC                           00003FFC
_LVP_OFF                          00003F7F
_LVP_ON                           00003FFF
_OPTION_REG                       00000000
_OPTION_REGbits                   00000000
_PCL                              00000000
_PCLATH                           00000000
_PCON                             00000000
_PCONbits                         00000000
_PIE1                             00000000
_PIE1bits                         00000000
_PIE2                             00000000
_PIE2bits                         00000000
_PIR1                             00000000
_PIR1bits                         00000000
_PIR2                             00000000
_PIR2bits                         00000000
_PORTA                            00000000
_PORTAbits                        00000000
_PORTB                            00000000
_PORTBbits                        00000000
_PORTC                            00000000
_PORTCbits                        00000000
_PORTD                            00000000
_PORTDbits                        00000000
_PORTE                            00000000
_PORTEbits                        00000000
_PR2                              00000000
_PWRTE_OFF                        00003FFF
_PWRTE_ON                         00003FF7
_RCREG                            00000000
_RCSTA                            00000000
_RCSTAbits                        00000000
_RC_OSC                           00003FFF
_SPBRG                            00000000
_SSD_Command                      0000000F
_SSD_GetState                     00000000
_SSD_Init                         00000050
_SSPADD                           00000000
_SSPBUF                           00000000
gpasm-1.4.0 #1106 (Oct  6 2014) obj\Debug\SSD   2-3-2017  17:22:26          PAGE 23


SYMBOL TABLE
  LABEL                             VALUE 

_SSPCON                           00000000
_SSPCON2                          00000000
_SSPCON2bits                      00000000
_SSPCONbits                       00000000
_SSPSTAT                          00000000
_SSPSTATbits                      00000000
_STATUS                           00000000
_STATUSbits                       00000000
_T1CON                            00000000
_T1CONbits                        00000000
_T2CON                            00000000
_T2CONbits                        00000000
_TMR0                             00000000
_TMR1                             00000000
_TMR1H                            00000000
_TMR1L                            00000000
_TMR2                             00000000
_TRISA                            00000000
_TRISAbits                        00000000
_TRISB                            00000000
_TRISBbits                        00000000
_TRISC                            00000000
_TRISCbits                        00000000
_TRISD                            00000000
_TRISDbits                        00000000
_TRISE                            00000000
_TRISEbits                        00000000
_TXREG                            00000000
_TXSTA                            00000000
_TXSTAbits                        00000000
_WDTE_OFF                         00003FFB
_WDTE_ON                          00003FFF
_WDT_OFF                          00003FFB
_WDT_ON                           00003FFF
_WRT_1FOURTH                      00003BFF
_WRT_256                          00003DFF
_WRT_HALF                         000039FF
_WRT_OFF                          00003FFF
_XT_OSC                           00003FFD
__16F877A                         00000001
__CODE_END                        00001FFF
__CODE_START                      00000000
__COMMON_RAM_END                  0000007F
__COMMON_RAM_START                00000070
__EEPROM_END                      000021FF
__EEPROM_START                    00002100
__VECTOR_INT                      00000004
__VECTOR_RESET                    00000000
r0x1000                           00000003
r0x1001                           00000001
r0x1002                           00000002
r0x1004                           00000000

gpasm-1.4.0 #1106 (Oct  6 2014) obj\Debug\SSD   2-3-2017  17:22:26          PAGE 24




Errors   :     0
Warnings :     0 reported,     0 suppressed
Messages :     0 reported,     0 suppressed

